<?xml version="1.0" encoding="UTF-8"?>
<testsuite xmlns:xsi="http://www.w3.org/2001/XMLSchema-instance" xsi:noNamespaceSchemaLocation="https://maven.apache.org/surefire/maven-surefire-plugin/xsd/surefire-test-report-3.0.xsd" version="3.0" name="de.jochenr.integration.contact.ContactTest" time="68.289" tests="3" errors="1" skipped="1" failures="0">
  <properties>
[...]
</properties>
  <testcase name="wsdlAvailableTest" classname="de.jochenr.integration.contact.ContactTest" time="2.464">
    <system-out><![CDATA[&amp#27;[38;5;145m2023-09-22 08:12:58,441&amp#27;[39m&amp#27;[38;5;188m &amp#27;[39m&amp#27;[38;5;137mWARN &amp#27;[39m&amp#27;[38;5;188m [&amp#27;[39m&amp#27;[38;5;69mio.qua.boo.res.mav.BootstrapMavenContext&amp#27;[39m&amp#27;[38;5;188m] (&amp#27;[39m&amp#27;[38;5;71mmain&amp#27;[39m&amp#27;[38;5;188m) &amp#27;[39m&amp#27;[38;5;151mSettings for server all.external.mirror uses legacy format&amp#27;[39m&amp#27;[38;5;203m&amp#27;[39m&amp#27;[38;5;227m
&amp#27;[39m&amp#27;[38;5;145m2023-09-22 08:12:58,446&amp#27;[39m&amp#27;[38;5;188m &amp#27;[39m&amp#27;[38;5;137mWARN &amp#27;[39m&amp#27;[38;5;188m [&amp#27;[39m&amp#27;[38;5;69mio.qua.boo.res.mav.BootstrapMavenContext&amp#27;[39m&amp#27;[38;5;188m] (&amp#27;[39m&amp#27;[38;5;71mmain&amp#27;[39m&amp#27;[38;5;188m) &amp#27;[39m&amp#27;[38;5;151mSettings for server all.external.mirror uses legacy format&amp#27;[39m&amp#27;[38;5;203m&amp#27;[39m&amp#27;[38;5;227m
&amp#27;[39m&amp#27;[38;5;145m2023-09-22 08:13:22,982&amp#27;[39m&amp#27;[38;5;188m &amp#27;[39m&amp#27;[38;5;107mINFO &amp#27;[39m&amp#27;[38;5;188m [&amp#27;[39m&amp#27;[38;5;69mio.qua.cxf.dep.QuarkusCxfProcessor&amp#27;[39m&amp#27;[38;5;188m] (&amp#27;[39m&amp#27;[38;5;71mbuild-58&amp#27;[39m&amp#27;[38;5;188m) &amp#27;[39m&amp#27;[38;5;151m&amp#27;[39mGenerating ancillary classes for service &amp#27;[38;5;188morg.apache.cxf.ws.mex.MetadataExchange&amp#27;[39m&amp#27;[39m&amp#27;[38;5;203m&amp#27;[39m&amp#27;[38;5;227m
&amp#27;[39m&amp#27;[38;5;145m2023-09-22 08:13:24,046&amp#27;[39m&amp#27;[38;5;188m &amp#27;[39m&amp#27;[38;5;107mINFO &amp#27;[39m&amp#27;[38;5;188m [&amp#27;[39m&amp#27;[38;5;69mio.qua.cxf.dep.QuarkusCxfProcessor&amp#27;[39m&amp#27;[38;5;188m] (&amp#27;[39m&amp#27;[38;5;71mbuild-58&amp#27;[39m&amp#27;[38;5;188m) &amp#27;[39m&amp#27;[38;5;151m&amp#27;[39mGenerated class &amp#27;[38;5;188morg.apache.cxf.bindings.xformat.XMLBindingMessageFormatExtensibility&amp#27;[39m&amp#27;[39m&amp#27;[38;5;203m&amp#27;[39m&amp#27;[38;5;227m
&amp#27;[39m&amp#27;[38;5;145m2023-09-22 08:13:24,055&amp#27;[39m&amp#27;[38;5;188m &amp#27;[39m&amp#27;[38;5;107mINFO &amp#27;[39m&amp#27;[38;5;188m [&amp#27;[39m&amp#27;[38;5;69mio.qua.cxf.dep.QuarkusCxfProcessor&amp#27;[39m&amp#27;[38;5;188m] (&amp#27;[39m&amp#27;[38;5;71mbuild-58&amp#27;[39m&amp#27;[38;5;188m) &amp#27;[39m&amp#27;[38;5;151m&amp#27;[39mGenerated class &amp#27;[38;5;188morg.apache.cxf.bindings.xformat.XMLFormatBindingExtensibility&amp#27;[39m&amp#27;[39m&amp#27;[38;5;203m&amp#27;[39m&amp#27;[38;5;227m
&amp#27;[39m&amp#27;[38;5;145m2023-09-22 08:13:24,065&amp#27;[39m&amp#27;[38;5;188m &amp#27;[39m&amp#27;[38;5;107mINFO &amp#27;[39m&amp#27;[38;5;188m [&amp#27;[39m&amp#27;[38;5;69mio.qua.cxf.dep.QuarkusCxfProcessor&amp#27;[39m&amp#27;[38;5;188m] (&amp#27;[39m&amp#27;[38;5;71mbuild-58&amp#27;[39m&amp#27;[38;5;188m) &amp#27;[39m&amp#27;[38;5;151m&amp#27;[39mGenerated class &amp#27;[38;5;188morg.apache.cxf.transports.http.configuration.HTTPClientPolicyExtensibility&amp#27;[39m&amp#27;[39m&amp#27;[38;5;203m&amp#27;[39m&amp#27;[38;5;227m
&amp#27;[39m&amp#27;[38;5;145m2023-09-22 08:13:24,072&amp#27;[39m&amp#27;[38;5;188m &amp#27;[39m&amp#27;[38;5;107mINFO &amp#27;[39m&amp#27;[38;5;188m [&amp#27;[39m&amp#27;[38;5;69mio.qua.cxf.dep.QuarkusCxfProcessor&amp#27;[39m&amp#27;[38;5;188m] (&amp#27;[39m&amp#27;[38;5;71mbuild-58&amp#27;[39m&amp#27;[38;5;188m) &amp#27;[39m&amp#27;[38;5;151m&amp#27;[39mGenerated class &amp#27;[38;5;188morg.apache.cxf.transports.http.configuration.HTTPServerPolicyExtensibility&amp#27;[39m&amp#27;[39m&amp#27;[38;5;203m&amp#27;[39m&amp#27;[38;5;227m
&amp#27;[39m&amp#27;[38;5;145m2023-09-22 08:13:24,079&amp#27;[39m&amp#27;[38;5;188m &amp#27;[39m&amp#27;[38;5;107mINFO &amp#27;[39m&amp#27;[38;5;188m [&amp#27;[39m&amp#27;[38;5;69mio.qua.cxf.dep.QuarkusCxfProcessor&amp#27;[39m&amp#27;[38;5;188m] (&amp#27;[39m&amp#27;[38;5;71mbuild-58&amp#27;[39m&amp#27;[38;5;188m) &amp#27;[39m&amp#27;[38;5;151m&amp#27;[39mGenerated class &amp#27;[38;5;188morg.apache.cxf.wsdl.http.AddressTypeExtensibility&amp#27;[39m&amp#27;[39m&amp#27;[38;5;203m&amp#27;[39m&amp#27;[38;5;227m
&amp#27;[39m&amp#27;[38;5;145m2023-09-22 08:13:24,087&amp#27;[39m&amp#27;[38;5;188m &amp#27;[39m&amp#27;[38;5;107mINFO &amp#27;[39m&amp#27;[38;5;188m [&amp#27;[39m&amp#27;[38;5;69mio.qua.cxf.dep.QuarkusCxfProcessor&amp#27;[39m&amp#27;[38;5;188m] (&amp#27;[39m&amp#27;[38;5;71mbuild-58&amp#27;[39m&amp#27;[38;5;188m) &amp#27;[39m&amp#27;[38;5;151m&amp#27;[39mGenerated class &amp#27;[38;5;188morg.apache.cxf.ws.addressing.wsdl.UsingAddressingExtensibility&amp#27;[39m&amp#27;[39m&amp#27;[38;5;203m&amp#27;[39m&amp#27;[38;5;227m
&amp#27;[39m&amp#27;[38;5;145m2023-09-22 08:13:24,253&amp#27;[39m&amp#27;[38;5;188m &amp#27;[39m&amp#27;[38;5;107mINFO &amp#27;[39m&amp#27;[38;5;188m [&amp#27;[39m&amp#27;[38;5;69morg.apa.cxf.end.ServerImpl&amp#27;[39m&amp#27;[38;5;188m] (&amp#27;[39m&amp#27;[38;5;71mbuild-58&amp#27;[39m&amp#27;[38;5;188m) &amp#27;[39m&amp#27;[38;5;151mSetting the server's publish address to be /QuarkusCxfProcessor/dummy--8002515033262750176&amp#27;[39m&amp#27;[38;5;203m&amp#27;[39m&amp#27;[38;5;227m
&amp#27;[39m&amp#27;[38;5;145m2023-09-22 08:13:24,305&amp#27;[39m&amp#27;[38;5;188m &amp#27;[39m&amp#27;[38;5;107mINFO &amp#27;[39m&amp#27;[38;5;188m [&amp#27;[39m&amp#27;[38;5;69mio.qua.cxf.dep.QuarkusCxfProcessor&amp#27;[39m&amp#27;[38;5;188m] (&amp#27;[39m&amp#27;[38;5;71mbuild-58&amp#27;[39m&amp#27;[38;5;188m) &amp#27;[39m&amp#27;[38;5;151m&amp#27;[39mGenerating ancillary classes for service &amp#27;[38;5;188morg.apache.camel.component.cxf.jaxws.DefaultSEI&amp#27;[39m&amp#27;[39m&amp#27;[38;5;203m&amp#27;[39m&amp#27;[38;5;227m
&amp#27;[39m&amp#27;[38;5;145m2023-09-22 08:13:24,319&amp#27;[39m&amp#27;[38;5;188m &amp#27;[39m&amp#27;[38;5;107mINFO &amp#27;[39m&amp#27;[38;5;188m [&amp#27;[39m&amp#27;[38;5;69morg.apa.cxf.end.ServerImpl&amp#27;[39m&amp#27;[38;5;188m] (&amp#27;[39m&amp#27;[38;5;71mbuild-58&amp#27;[39m&amp#27;[38;5;188m) &amp#27;[39m&amp#27;[38;5;151mSetting the server's publish address to be /QuarkusCxfProcessor/dummy--7330251815582496657&amp#27;[39m&amp#27;[38;5;203m&amp#27;[39m&amp#27;[38;5;227m
&amp#27;[39m&amp#27;[38;5;145m2023-09-22 08:13:24,320&amp#27;[39m&amp#27;[38;5;188m &amp#27;[39m&amp#27;[38;5;107mINFO &amp#27;[39m&amp#27;[38;5;188m [&amp#27;[39m&amp#27;[38;5;69mio.qua.cxf.dep.QuarkusCxfProcessor&amp#27;[39m&amp#27;[38;5;188m] (&amp#27;[39m&amp#27;[38;5;71mbuild-58&amp#27;[39m&amp#27;[38;5;188m) &amp#27;[39m&amp#27;[38;5;151m&amp#27;[39mGenerating ancillary classes for service &amp#27;[38;5;188mcamel_quarkus.jochenr.de.cxf_soap.contactservice.ContactWS&amp#27;[39m&amp#27;[39m&amp#27;[38;5;203m&amp#27;[39m&amp#27;[38;5;227m
&amp#27;[39m&amp#27;[38;5;145m2023-09-22 08:13:24,367&amp#27;[39m&amp#27;[38;5;188m &amp#27;[39m&amp#27;[38;5;107mINFO &amp#27;[39m&amp#27;[38;5;188m [&amp#27;[39m&amp#27;[38;5;69morg.apa.cxf.end.ServerImpl&amp#27;[39m&amp#27;[38;5;188m] (&amp#27;[39m&amp#27;[38;5;71mbuild-58&amp#27;[39m&amp#27;[38;5;188m) &amp#27;[39m&amp#27;[38;5;151mSetting the server's publish address to be /QuarkusCxfProcessor/dummy--3337362454009852549&amp#27;[39m&amp#27;[38;5;203m&amp#27;[39m&amp#27;[38;5;227m
&amp#27;[39m&amp#27;[38;5;145m2023-09-22 08:13:24,368&amp#27;[39m&amp#27;[38;5;188m &amp#27;[39m&amp#27;[38;5;107mINFO &amp#27;[39m&amp#27;[38;5;188m [&amp#27;[39m&amp#27;[38;5;69mio.qua.cxf.dep.QuarkusCxfProcessor&amp#27;[39m&amp#27;[38;5;188m] (&amp#27;[39m&amp#27;[38;5;71mbuild-58&amp#27;[39m&amp#27;[38;5;188m) &amp#27;[39m&amp#27;[38;5;151m&amp#27;[39mGenerating ancillary classes for service &amp#27;[38;5;188morg.apache.camel.component.cxf.jaxws.DefaultPayloadProviderSEI&amp#27;[39m&amp#27;[39m&amp#27;[38;5;203m&amp#27;[39m&amp#27;[38;5;227m
&amp#27;[39m&amp#27;[38;5;145m2023-09-22 08:13:24,384&amp#27;[39m&amp#27;[38;5;188m &amp#27;[39m&amp#27;[38;5;107mINFO &amp#27;[39m&amp#27;[38;5;188m [&amp#27;[39m&amp#27;[38;5;69morg.apa.cxf.end.ServerImpl&amp#27;[39m&amp#27;[38;5;188m] (&amp#27;[39m&amp#27;[38;5;71mbuild-58&amp#27;[39m&amp#27;[38;5;188m) &amp#27;[39m&amp#27;[38;5;151mSetting the server's publish address to be /QuarkusCxfProcessor/dummy--4385044911260059222&amp#27;[39m&amp#27;[38;5;203m&amp#27;[39m&amp#27;[38;5;227m
&amp#27;[39m&amp#27;[38;5;145m2023-09-22 08:13:24,387&amp#27;[39m&amp#27;[38;5;188m &amp#27;[39m&amp#27;[38;5;107mINFO &amp#27;[39m&amp#27;[38;5;188m [&amp#27;[39m&amp#27;[38;5;69mio.qua.cxf.dep.Java2WsdlProcessor&amp#27;[39m&amp#27;[38;5;188m] (&amp#27;[39m&amp#27;[38;5;71mbuild-49&amp#27;[39m&amp#27;[38;5;188m) &amp#27;[39m&amp#27;[38;5;151mSkipping class io.quarkiverse.cxf.deployment.Java2WsdlProcessor invocation on user's request&amp#27;[39m&amp#27;[38;5;203m&amp#27;[39m&amp#27;[38;5;227m
&amp#27;[39m&amp#27;[38;5;145m2023-09-22 08:13:25,334&amp#27;[39m&amp#27;[38;5;188m &amp#27;[39m&amp#27;[38;5;107mINFO &amp#27;[39m&amp#27;[38;5;188m [&amp#27;[39m&amp#27;[38;5;69mio.qua.cxf.dep.CxfEndpointImplementationProcessor&amp#27;[39m&amp#27;[38;5;188m] (&amp#27;[39m&amp#27;[38;5;71mbuild-42&amp#27;[39m&amp#27;[38;5;188m) &amp#27;[39m&amp#27;[38;5;151m&amp#27;[39mMapping a Vert.x handler for CXF to &amp#27;[38;5;188m/cxfservices/*&amp#27;[39m as requested by &amp#27;[38;5;188m[camel-cxf-soap]&amp#27;[39m&amp#27;[39m&amp#27;[38;5;203m&amp#27;[39m&amp#27;[38;5;227m
&amp#27;[39m&amp#27;[38;5;145m2023-09-22 08:13:27,780&amp#27;[39m&amp#27;[38;5;188m &amp#27;[39m&amp#27;[38;5;107mINFO &amp#27;[39m&amp#27;[38;5;188m [&amp#27;[39m&amp#27;[38;5;69morg.apa.cam.qua.cor.CamelBootstrapRecorder&amp#27;[39m&amp#27;[38;5;188m] (&amp#27;[39m&amp#27;[38;5;71mmain&amp#27;[39m&amp#27;[38;5;188m) &amp#27;[39m&amp#27;[38;5;151m&amp#27;[39mBootstrap runtime: &amp#27;[38;5;188morg.apache.camel.quarkus.main.CamelMainRuntime&amp#27;[39m&amp#27;[39m&amp#27;[38;5;203m&amp#27;[39m&amp#27;[38;5;227m
&amp#27;[39m&amp#27;[38;5;145m2023-09-22 08:13:27,782&amp#27;[39m&amp#27;[38;5;188m &amp#27;[39m&amp#27;[38;5;107mINFO &amp#27;[39m&amp#27;[38;5;188m [&amp#27;[39m&amp#27;[38;5;69morg.apa.cam.mai.MainSupport&amp#27;[39m&amp#27;[38;5;188m] (&amp#27;[39m&amp#27;[38;5;71mmain&amp#27;[39m&amp#27;[38;5;188m) &amp#27;[39m&amp#27;[38;5;151mApache Camel (Main) 4.0.0-RC2 is starting&amp#27;[39m&amp#27;[38;5;203m&amp#27;[39m&amp#27;[38;5;227m
&amp#27;[39m&amp#27;[38;5;145m2023-09-22 08:13:28,376&amp#27;[39m&amp#27;[38;5;188m &amp#27;[39m&amp#27;[38;5;107mINFO &amp#27;[39m&amp#27;[38;5;188m [&amp#27;[39m&amp#27;[38;5;69morg.apa.cam.imp.eng.AbstractCamelContext&amp#27;[39m&amp#27;[38;5;188m] (&amp#27;[39m&amp#27;[38;5;71mmain&amp#27;[39m&amp#27;[38;5;188m) &amp#27;[39m&amp#27;[38;5;151mApache Camel 4.0.0-RC2 (camel-1) is starting&amp#27;[39m&amp#27;[38;5;203m&amp#27;[39m&amp#27;[38;5;227m
&amp#27;[39m&amp#27;[38;5;145m2023-09-22 08:13:28,872&amp#27;[39m&amp#27;[38;5;188m &amp#27;[39m&amp#27;[38;5;137mWARN &amp#27;[39m&amp#27;[38;5;188m [&amp#27;[39m&amp#27;[38;5;69morg.apa.cam.com.cxf.jax.CxfEndpoint&amp#27;[39m&amp#27;[38;5;188m] (&amp#27;[39m&amp#27;[38;5;71mmain&amp#27;[39m&amp#27;[38;5;188m) &amp#27;[39m&amp#27;[38;5;151mThe endpoint/port name of http://localhost:8180/cxfservices/contact is empty, cxf will try to load the first one in wsdl for you.&amp#27;[39m&amp#27;[38;5;203m&amp#27;[39m&amp#27;[38;5;227m
&amp#27;[39m&amp#27;[38;5;145m2023-09-22 08:13:29,105&amp#27;[39m&amp#27;[38;5;188m &amp#27;[39m&amp#27;[38;5;107mINFO &amp#27;[39m&amp#27;[38;5;188m [&amp#27;[39m&amp#27;[38;5;69morg.apa.cam.com.cxf.fea.PayLoadDataFormatFeature&amp#27;[39m&amp#27;[38;5;188m] (&amp#27;[39m&amp#27;[38;5;71mmain&amp#27;[39m&amp#27;[38;5;188m) &amp#27;[39m&amp#27;[38;5;151mremoving the interceptor org.apache.cxf.interceptor.ClientFaultConverter@47198a64&amp#27;[39m&amp#27;[38;5;203m&amp#27;[39m&amp#27;[38;5;227m
&amp#27;[39m&amp#27;[38;5;145m2023-09-22 08:13:29,106&amp#27;[39m&amp#27;[38;5;188m &amp#27;[39m&amp#27;[38;5;107mINFO &amp#27;[39m&amp#27;[38;5;188m [&amp#27;[39m&amp#27;[38;5;69morg.apa.cam.com.cxf.fea.PayLoadDataFormatFeature&amp#27;[39m&amp#27;[38;5;188m] (&amp#27;[39m&amp#27;[38;5;71mmain&amp#27;[39m&amp#27;[38;5;188m) &amp#27;[39m&amp#27;[38;5;151mInitialized CXF Client: org.apache.camel.component.cxf.jaxws.CxfEndpoint$CamelCxfClientImpl@50696c7c in Payload mode with allow streaming: true&amp#27;[39m&amp#27;[38;5;203m&amp#27;[39m&amp#27;[38;5;227m
&amp#27;[39m&amp#27;[38;5;145m2023-09-22 08:13:29,977&amp#27;[39m&amp#27;[38;5;188m &amp#27;[39m&amp#27;[38;5;137mWARN &amp#27;[39m&amp#27;[38;5;188m [&amp#27;[39m&amp#27;[38;5;69morg.apa.cam.com.cxf.jax.CxfEndpoint&amp#27;[39m&amp#27;[38;5;188m] (&amp#27;[39m&amp#27;[38;5;71mmain&amp#27;[39m&amp#27;[38;5;188m) &amp#27;[39m&amp#27;[38;5;151mThe  endpoint/port name of /contact is empty, cxf will try to load the first one in wsdl for you.&amp#27;[39m&amp#27;[38;5;203m&amp#27;[39m&amp#27;[38;5;227m
&amp#27;[39m&amp#27;[38;5;145m2023-09-22 08:13:29,978&amp#27;[39m&amp#27;[38;5;188m &amp#27;[39m&amp#27;[38;5;137mWARN &amp#27;[39m&amp#27;[38;5;188m [&amp#27;[39m&amp#27;[38;5;69morg.apa.cam.com.cxf.jax.CxfEndpoint&amp#27;[39m&amp#27;[38;5;188m] (&amp#27;[39m&amp#27;[38;5;71mmain&amp#27;[39m&amp#27;[38;5;188m) &amp#27;[39m&amp#27;[38;5;151mThe  service name of /contact is empty, cxf will try to load the first one in wsdl for you.&amp#27;[39m&amp#27;[38;5;203m&amp#27;[39m&amp#27;[38;5;227m
&amp#27;[39m&amp#27;[38;5;145m2023-09-22 08:13:30,050&amp#27;[39m&amp#27;[38;5;188m &amp#27;[39m&amp#27;[38;5;107mINFO &amp#27;[39m&amp#27;[38;5;188m [&amp#27;[39m&amp#27;[38;5;69morg.apa.cxf.end.ServerImpl&amp#27;[39m&amp#27;[38;5;188m] (&amp#27;[39m&amp#27;[38;5;71mmain&amp#27;[39m&amp#27;[38;5;188m) &amp#27;[39m&amp#27;[38;5;151mSetting the server's publish address to be /contact&amp#27;[39m&amp#27;[38;5;203m&amp#27;[39m&amp#27;[38;5;227m
&amp#27;[39m&amp#27;[38;5;145m2023-09-22 08:13:30,058&amp#27;[39m&amp#27;[38;5;188m &amp#27;[39m&amp#27;[38;5;107mINFO &amp#27;[39m&amp#27;[38;5;188m [&amp#27;[39m&amp#27;[38;5;69morg.apa.cam.com.cxf.fea.PayLoadDataFormatFeature&amp#27;[39m&amp#27;[38;5;188m] (&amp#27;[39m&amp#27;[38;5;71mmain&amp#27;[39m&amp#27;[38;5;188m) &amp#27;[39m&amp#27;[38;5;151mInitialized CXF Server: org.apache.cxf.endpoint.ServerImpl@14c77f6d in Payload mode with allow streaming: true&amp#27;[39m&amp#27;[38;5;203m&amp#27;[39m&amp#27;[38;5;227m
&amp#27;[39m&amp#27;[38;5;145m2023-09-22 08:13:30,077&amp#27;[39m&amp#27;[38;5;188m &amp#27;[39m&amp#27;[38;5;107mINFO &amp#27;[39m&amp#27;[38;5;188m [&amp#27;[39m&amp#27;[38;5;69morg.apa.cam.imp.eng.AbstractCamelContext&amp#27;[39m&amp#27;[38;5;188m] (&amp#27;[39m&amp#27;[38;5;71mmain&amp#27;[39m&amp#27;[38;5;188m) &amp#27;[39m&amp#27;[38;5;151mRoutes startup (started:3)&amp#27;[39m&amp#27;[38;5;203m&amp#27;[39m&amp#27;[38;5;227m
&amp#27;[39m&amp#27;[38;5;145m2023-09-22 08:13:30,078&amp#27;[39m&amp#27;[38;5;188m &amp#27;[39m&amp#27;[38;5;107mINFO &amp#27;[39m&amp#27;[38;5;188m [&amp#27;[39m&amp#27;[38;5;69morg.apa.cam.imp.eng.AbstractCamelContext&amp#27;[39m&amp#27;[38;5;188m] (&amp#27;[39m&amp#27;[38;5;71mmain&amp#27;[39m&amp#27;[38;5;188m) &amp#27;[39m&amp#27;[38;5;151m    Started send-to-backend-route (direct://input)&amp#27;[39m&amp#27;[38;5;203m&amp#27;[39m&amp#27;[38;5;227m
&amp#27;[39m&amp#27;[38;5;145m2023-09-22 08:13:30,079&amp#27;[39m&amp#27;[38;5;188m &amp#27;[39m&amp#27;[38;5;107mINFO &amp#27;[39m&amp#27;[38;5;188m [&amp#27;[39m&amp#27;[38;5;69morg.apa.cam.imp.eng.AbstractCamelContext&amp#27;[39m&amp#27;[38;5;188m] (&amp#27;[39m&amp#27;[38;5;71mmain&amp#27;[39m&amp#27;[38;5;188m) &amp#27;[39m&amp#27;[38;5;151m    Started backend-simulation-route (/contact)&amp#27;[39m&amp#27;[38;5;203m&amp#27;[39m&amp#27;[38;5;227m
&amp#27;[39m&amp#27;[38;5;145m2023-09-22 08:13:30,079&amp#27;[39m&amp#27;[38;5;188m &amp#27;[39m&amp#27;[38;5;107mINFO &amp#27;[39m&amp#27;[38;5;188m [&amp#27;[39m&amp#27;[38;5;69morg.apa.cam.imp.eng.AbstractCamelContext&amp#27;[39m&amp#27;[38;5;188m] (&amp#27;[39m&amp#27;[38;5;71mmain&amp#27;[39m&amp#27;[38;5;188m) &amp#27;[39m&amp#27;[38;5;151m    Started consume--post-rest (rest://post:/contacts)&amp#27;[39m&amp#27;[38;5;203m&amp#27;[39m&amp#27;[38;5;227m
&amp#27;[39m&amp#27;[38;5;145m2023-09-22 08:13:30,080&amp#27;[39m&amp#27;[38;5;188m &amp#27;[39m&amp#27;[38;5;107mINFO &amp#27;[39m&amp#27;[38;5;188m [&amp#27;[39m&amp#27;[38;5;69morg.apa.cam.imp.eng.AbstractCamelContext&amp#27;[39m&amp#27;[38;5;188m] (&amp#27;[39m&amp#27;[38;5;71mmain&amp#27;[39m&amp#27;[38;5;188m) &amp#27;[39m&amp#27;[38;5;151mApache Camel 4.0.0-RC2 (camel-1) started in 1s703ms (build:0ms init:0ms start:1s703ms)&amp#27;[39m&amp#27;[38;5;203m&amp#27;[39m&amp#27;[38;5;227m
&amp#27;[39m&amp#27;[38;5;145m2023-09-22 08:13:30,293&amp#27;[39m&amp#27;[38;5;188m &amp#27;[39m&amp#27;[38;5;107mINFO &amp#27;[39m&amp#27;[38;5;188m [&amp#27;[39m&amp#27;[38;5;69mio.quarkus&amp#27;[39m&amp#27;[38;5;188m] (&amp#27;[39m&amp#27;[38;5;71mmain&amp#27;[39m&amp#27;[38;5;188m) &amp#27;[39m&amp#27;[38;5;151m&amp#27;[39m&amp#27;[38;5;188mcamel-quarkus-cxf-soap-wsrm 0.0.1-SNAPSHOT&amp#27;[39m &amp#27;[38;5;188mon JVM&amp#27;[39m (powered by Quarkus &amp#27;[38;5;188m3.2.5.Final&amp#27;[39m) started in &amp#27;[38;5;188m13.570&amp#27;[39ms. &amp#27;[38;5;188mListening on: http://0.0.0.0:8180&amp#27;[39m&amp#27;[39m&amp#27;[38;5;203m&amp#27;[39m&amp#27;[38;5;227m
&amp#27;[39m&amp#27;[38;5;145m2023-09-22 08:13:30,295&amp#27;[39m&amp#27;[38;5;188m &amp#27;[39m&amp#27;[38;5;107mINFO &amp#27;[39m&amp#27;[38;5;188m [&amp#27;[39m&amp#27;[38;5;69mio.quarkus&amp#27;[39m&amp#27;[38;5;188m] (&amp#27;[39m&amp#27;[38;5;71mmain&amp#27;[39m&amp#27;[38;5;188m) &amp#27;[39m&amp#27;[38;5;151m&amp#27;[39mProfile&amp#27;[38;5;188m&amp#27;[39m &amp#27;[38;5;188mtest&amp#27;[39m activated. &amp#27;[38;5;188m&amp#27;[39m&amp#27;[39m&amp#27;[38;5;203m&amp#27;[39m&amp#27;[38;5;227m
&amp#27;[39m&amp#27;[38;5;145m2023-09-22 08:13:30,295&amp#27;[39m&amp#27;[38;5;188m &amp#27;[39m&amp#27;[38;5;107mINFO &amp#27;[39m&amp#27;[38;5;188m [&amp#27;[39m&amp#27;[38;5;69mio.quarkus&amp#27;[39m&amp#27;[38;5;188m] (&amp#27;[39m&amp#27;[38;5;71mmain&amp#27;[39m&amp#27;[38;5;188m) &amp#27;[39m&amp#27;[38;5;151m&amp#27;[39mInstalled features: [&amp#27;[38;5;188mcamel-attachments, camel-bean, camel-core, camel-cxf-soap, camel-direct, camel-http, camel-jackson, camel-jaxb, camel-json-validator, camel-log, camel-mock, camel-openapi-java, camel-platform-http, camel-rest, camel-rest-openapi, camel-xpath, cdi, cxf, cxf-rt-features-logging, cxf-rt-ws-rm, cxf-rt-ws-security, security, smallrye-context-propagation, vertx, xmlsec&amp#27;[39m]&amp#27;[39m&amp#27;[38;5;203m&amp#27;[39m&amp#27;[38;5;227m
&amp#27;[39mHost to call for Test:	localhost
Host to call for Test:	localhost
&amp#27;[38;5;145m2023-09-22 08:13:31,545&amp#27;[39m&amp#27;[38;5;188m &amp#27;[39m&amp#27;[38;5;107mINFO &amp#27;[39m&amp#27;[38;5;188m [&amp#27;[39m&amp#27;[38;5;69mde.joc.int.con.ContactTest&amp#27;[39m&amp#27;[38;5;188m] (&amp#27;[39m&amp#27;[38;5;71mmain&amp#27;[39m&amp#27;[38;5;188m) &amp#27;[39m&amp#27;[38;5;151mSOAP Call from ContactTest will call:	http://localhost:8180/cxfservices/contact&amp#27;[39m&amp#27;[38;5;203m&amp#27;[39m&amp#27;[38;5;227m
&amp#27;[39mHost to call for Test:	localhost
Host to call for Test:	localhost
&amp#27;[38;5;145m2023-09-22 08:13:31,644&amp#27;[39m&amp#27;[38;5;188m &amp#27;[39m&amp#27;[38;5;107mINFO &amp#27;[39m&amp#27;[38;5;188m [&amp#27;[39m&amp#27;[38;5;69mde.joc.int.con.ContactTest&amp#27;[39m&amp#27;[38;5;188m] (&amp#27;[39m&amp#27;[38;5;71mmain&amp#27;[39m&amp#27;[38;5;188m) &amp#27;[39m&amp#27;[38;5;151mSOAP Call from ContactTest will call:	http://localhost:8180/cxfservices/contact&amp#27;[39m&amp#27;[38;5;203m&amp#27;[39m&amp#27;[38;5;227m
&amp#27;[39mHost to call for Test:	localhost
]]></system-out>
  </testcase>
  <testcase name="testAddContactRest" classname="de.jochenr.integration.contact.ContactTest" time="0.0">
    <skipped message="public void de.jochenr.integration.contact.ContactTest.testAddContactRest() is @Disabled"/>
    <system-out><![CDATA[Host to call for Test:	localhost
Host to call for Test:	localhost
&amp#27;[38;5;145m2023-09-22 08:13:34,150&amp#27;[39m&amp#27;[38;5;188m &amp#27;[39m&amp#27;[38;5;107mINFO &amp#27;[39m&amp#27;[38;5;188m [&amp#27;[39m&amp#27;[38;5;69mde.joc.int.con.ContactTest&amp#27;[39m&amp#27;[38;5;188m] (&amp#27;[39m&amp#27;[38;5;71mmain&amp#27;[39m&amp#27;[38;5;188m) &amp#27;[39m&amp#27;[38;5;151mSOAP Call from ContactTest will call:	http://localhost:8180/cxfservices/contact&amp#27;[39m&amp#27;[38;5;203m&amp#27;[39m&amp#27;[38;5;227m
&amp#27;[39mHost to call for Test:	localhost
Host to call for Test:	localhost
&amp#27;[38;5;145m2023-09-22 08:13:34,173&amp#27;[39m&amp#27;[38;5;188m &amp#27;[39m&amp#27;[38;5;107mINFO &amp#27;[39m&amp#27;[38;5;188m [&amp#27;[39m&amp#27;[38;5;69mde.joc.int.con.ContactTest&amp#27;[39m&amp#27;[38;5;188m] (&amp#27;[39m&amp#27;[38;5;71mmain&amp#27;[39m&amp#27;[38;5;188m) &amp#27;[39m&amp#27;[38;5;151mSOAP Call from ContactTest will call:	http://localhost:8180/cxfservices/contact&amp#27;[39m&amp#27;[38;5;203m&amp#27;[39m&amp#27;[38;5;227m
&amp#27;[39m]]></system-out>
  </testcase>
  <testcase name="testAddContactBackendSoap" classname="de.jochenr.integration.contact.ContactTest" time="30.559">
    <error message="Failed to send RM protocol message {http://schemas.xmlsoap.org/ws/2005/02/rm}CreateSequence." type="jakarta.xml.ws.soap.SOAPFaultException"><![CDATA[jakarta.xml.ws.soap.SOAPFaultException: Failed to send RM protocol message {http://schemas.xmlsoap.org/ws/2005/02/rm}CreateSequence.
	at org.apache.cxf.jaxws.JaxWsClientProxy.mapException(JaxWsClientProxy.java:195)
	at org.apache.cxf.jaxws.JaxWsClientProxy.invoke(JaxWsClientProxy.java:145)
	at jdk.proxy6/jdk.proxy6.$Proxy193.addContact(Unknown Source)
	at de.jochenr.integration.contact.ContactTest.testAddContactBackendSoap(ContactTest.java:138)
	at java.base/jdk.internal.reflect.NativeMethodAccessorImpl.invoke0(Native Method)
	at java.base/jdk.internal.reflect.NativeMethodAccessorImpl.invoke(NativeMethodAccessorImpl.java:77)
	at java.base/jdk.internal.reflect.DelegatingMethodAccessorImpl.invoke(DelegatingMethodAccessorImpl.java:43)
	at java.base/java.lang.reflect.Method.invoke(Method.java:568)
	at io.quarkus.test.junit.QuarkusTestExtension.runExtensionMethod(QuarkusTestExtension.java:1015)
	at io.quarkus.test.junit.QuarkusTestExtension.interceptTestMethod(QuarkusTestExtension.java:829)
	at org.junit.jupiter.engine.execution.InterceptingExecutableInvoker$ReflectiveInterceptorCall.lambda$ofVoidMethod$0(InterceptingExecutableInvoker.java:103)
	at org.junit.jupiter.engine.execution.InterceptingExecutableInvoker.lambda$invoke$0(InterceptingExecutableInvoker.java:93)
	at org.junit.jupiter.engine.execution.InvocationInterceptorChain$InterceptedInvocation.proceed(InvocationInterceptorChain.java:106)
	at org.junit.jupiter.engine.extension.TimeoutExtension.intercept(TimeoutExtension.java:156)
	at org.junit.jupiter.engine.extension.TimeoutExtension.interceptTestableMethod(TimeoutExtension.java:147)
	at org.junit.jupiter.engine.extension.TimeoutExtension.interceptTestMethod(TimeoutExtension.java:86)
	at org.junit.jupiter.engine.execution.InterceptingExecutableInvoker$ReflectiveInterceptorCall.lambda$ofVoidMethod$0(InterceptingExecutableInvoker.java:103)
	at org.junit.jupiter.engine.execution.InterceptingExecutableInvoker.lambda$invoke$0(InterceptingExecutableInvoker.java:93)
	at org.junit.jupiter.engine.execution.InvocationInterceptorChain$InterceptedInvocation.proceed(InvocationInterceptorChain.java:106)
	at org.junit.jupiter.engine.execution.InvocationInterceptorChain.proceed(InvocationInterceptorChain.java:64)
	at org.junit.jupiter.engine.execution.InvocationInterceptorChain.chainAndInvoke(InvocationInterceptorChain.java:45)
	at org.junit.jupiter.engine.execution.InvocationInterceptorChain.invoke(InvocationInterceptorChain.java:37)
	at org.junit.jupiter.engine.execution.InterceptingExecutableInvoker.invoke(InterceptingExecutableInvoker.java:92)
	at org.junit.jupiter.engine.execution.InterceptingExecutableInvoker.invoke(InterceptingExecutableInvoker.java:86)
	at org.junit.jupiter.engine.descriptor.TestMethodTestDescriptor.lambda$invokeTestMethod$7(TestMethodTestDescriptor.java:217)
	at org.junit.platform.engine.support.hierarchical.ThrowableCollector.execute(ThrowableCollector.java:73)
	at org.junit.jupiter.engine.descriptor.TestMethodTestDescriptor.invokeTestMethod(TestMethodTestDescriptor.java:213)
	at org.junit.jupiter.engine.descriptor.TestMethodTestDescriptor.execute(TestMethodTestDescriptor.java:138)
	at org.junit.jupiter.engine.descriptor.TestMethodTestDescriptor.execute(TestMethodTestDescriptor.java:68)
	at org.junit.platform.engine.support.hierarchical.NodeTestTask.lambda$executeRecursively$6(NodeTestTask.java:151)
	at org.junit.platform.engine.support.hierarchical.ThrowableCollector.execute(ThrowableCollector.java:73)
	at org.junit.platform.engine.support.hierarchical.NodeTestTask.lambda$executeRecursively$8(NodeTestTask.java:141)
	at org.junit.platform.engine.support.hierarchical.Node.around(Node.java:137)
	at org.junit.platform.engine.support.hierarchical.NodeTestTask.lambda$executeRecursively$9(NodeTestTask.java:139)
	at org.junit.platform.engine.support.hierarchical.ThrowableCollector.execute(ThrowableCollector.java:73)
	at org.junit.platform.engine.support.hierarchical.NodeTestTask.executeRecursively(NodeTestTask.java:138)
	at org.junit.platform.engine.support.hierarchical.NodeTestTask.execute(NodeTestTask.java:95)
	at java.base/java.util.ArrayList.forEach(ArrayList.java:1511)
	at org.junit.platform.engine.support.hierarchical.SameThreadHierarchicalTestExecutorService.invokeAll(SameThreadHierarchicalTestExecutorService.java:41)
	at org.junit.platform.engine.support.hierarchical.NodeTestTask.lambda$executeRecursively$6(NodeTestTask.java:155)
	at org.junit.platform.engine.support.hierarchical.ThrowableCollector.execute(ThrowableCollector.java:73)
	at org.junit.platform.engine.support.hierarchical.NodeTestTask.lambda$executeRecursively$8(NodeTestTask.java:141)
	at org.junit.platform.engine.support.hierarchical.Node.around(Node.java:137)
	at org.junit.platform.engine.support.hierarchical.NodeTestTask.lambda$executeRecursively$9(NodeTestTask.java:139)
	at org.junit.platform.engine.support.hierarchical.ThrowableCollector.execute(ThrowableCollector.java:73)
	at org.junit.platform.engine.support.hierarchical.NodeTestTask.executeRecursively(NodeTestTask.java:138)
	at org.junit.platform.engine.support.hierarchical.NodeTestTask.execute(NodeTestTask.java:95)
	at java.base/java.util.ArrayList.forEach(ArrayList.java:1511)
	at org.junit.platform.engine.support.hierarchical.SameThreadHierarchicalTestExecutorService.invokeAll(SameThreadHierarchicalTestExecutorService.java:41)
	at org.junit.platform.engine.support.hierarchical.NodeTestTask.lambda$executeRecursively$6(NodeTestTask.java:155)
	at org.junit.platform.engine.support.hierarchical.ThrowableCollector.execute(ThrowableCollector.java:73)
	at org.junit.platform.engine.support.hierarchical.NodeTestTask.lambda$executeRecursively$8(NodeTestTask.java:141)
	at org.junit.platform.engine.support.hierarchical.Node.around(Node.java:137)
	at org.junit.platform.engine.support.hierarchical.NodeTestTask.lambda$executeRecursively$9(NodeTestTask.java:139)
	at org.junit.platform.engine.support.hierarchical.ThrowableCollector.execute(ThrowableCollector.java:73)
	at org.junit.platform.engine.support.hierarchical.NodeTestTask.executeRecursively(NodeTestTask.java:138)
	at org.junit.platform.engine.support.hierarchical.NodeTestTask.execute(NodeTestTask.java:95)
	at org.junit.platform.engine.support.hierarchical.SameThreadHierarchicalTestExecutorService.submit(SameThreadHierarchicalTestExecutorService.java:35)
	at org.junit.platform.engine.support.hierarchical.HierarchicalTestExecutor.execute(HierarchicalTestExecutor.java:57)
	at org.junit.platform.engine.support.hierarchical.HierarchicalTestEngine.execute(HierarchicalTestEngine.java:54)
	at org.junit.platform.launcher.core.EngineExecutionOrchestrator.execute(EngineExecutionOrchestrator.java:147)
	at org.junit.platform.launcher.core.EngineExecutionOrchestrator.execute(EngineExecutionOrchestrator.java:127)
	at org.junit.platform.launcher.core.EngineExecutionOrchestrator.execute(EngineExecutionOrchestrator.java:90)
	at org.junit.platform.launcher.core.EngineExecutionOrchestrator.lambda$execute$0(EngineExecutionOrchestrator.java:55)
	at org.junit.platform.launcher.core.EngineExecutionOrchestrator.withInterceptedStreams(EngineExecutionOrchestrator.java:102)
	at org.junit.platform.launcher.core.EngineExecutionOrchestrator.execute(EngineExecutionOrchestrator.java:54)
	at org.junit.platform.launcher.core.DefaultLauncher.execute(DefaultLauncher.java:114)
	at org.junit.platform.launcher.core.DefaultLauncher.execute(DefaultLauncher.java:86)
	at org.junit.platform.launcher.core.DefaultLauncherSession$DelegatingLauncher.execute(DefaultLauncherSession.java:86)
	at org.apache.maven.surefire.junitplatform.LazyLauncher.execute(LazyLauncher.java:56)
	at org.apache.maven.surefire.junitplatform.JUnitPlatformProvider.execute(JUnitPlatformProvider.java:184)
	at org.apache.maven.surefire.junitplatform.JUnitPlatformProvider.invokeAllTests(JUnitPlatformProvider.java:148)
	at org.apache.maven.surefire.junitplatform.JUnitPlatformProvider.invoke(JUnitPlatformProvider.java:122)
	at org.apache.maven.surefire.booter.ForkedBooter.runSuitesInProcess(ForkedBooter.java:385)
	at org.apache.maven.surefire.booter.ForkedBooter.execute(ForkedBooter.java:162)
	at org.apache.maven.surefire.booter.ForkedBooter.run(ForkedBooter.java:507)
	at org.apache.maven.surefire.booter.ForkedBooter.main(ForkedBooter.java:495)
	Suppressed: org.apache.cxf.interceptor.Fault: Could not send Message.
		at org.apache.cxf.interceptor.MessageSenderInterceptor$MessageSenderEndingInterceptor.handleMessage(MessageSenderInterceptor.java:67)
		at org.apache.cxf.phase.PhaseInterceptorChain.doIntercept(PhaseInterceptorChain.java:307)
		at org.apache.cxf.endpoint.ClientImpl.doInvoke(ClientImpl.java:528)
		at org.apache.cxf.endpoint.ClientImpl.invoke(ClientImpl.java:439)
		at org.apache.cxf.ws.rm.Proxy.invoke(Proxy.java:344)
		at org.apache.cxf.ws.rm.Proxy.invoke(Proxy.java:307)
		at org.apache.cxf.ws.rm.Proxy.createSequence(Proxy.java:208)
		at org.apache.cxf.ws.rm.RMManager.getSequence(RMManager.java:492)
		at org.apache.cxf.ws.rm.RMCaptureOutInterceptor.handle(RMCaptureOutInterceptor.java:164)
		at org.apache.cxf.ws.rm.AbstractRMInterceptor.handleMessage(AbstractRMInterceptor.java:83)
		at org.apache.cxf.phase.PhaseInterceptorChain.doIntercept(PhaseInterceptorChain.java:307)
		at org.apache.cxf.endpoint.ClientImpl.doInvoke(ClientImpl.java:528)
		at org.apache.cxf.endpoint.ClientImpl.invoke(ClientImpl.java:439)
		at org.apache.cxf.endpoint.ClientImpl.invoke(ClientImpl.java:354)
		at org.apache.cxf.endpoint.ClientImpl.invoke(ClientImpl.java:312)
		at org.apache.cxf.frontend.ClientProxy.invokeSync(ClientProxy.java:96)
		at org.apache.cxf.jaxws.JaxWsClientProxy.invoke(JaxWsClientProxy.java:140)
		... 75 more
	Caused by: java.net.http.HttpConnectTimeoutException: HttpConnectTimeoutException invoking https://nowhere.com:8080/mustgetoverridden: HTTP connect timed out
		at java.base/jdk.internal.reflect.NativeConstructorAccessorImpl.newInstance0(Native Method)
		at java.base/jdk.internal.reflect.NativeConstructorAccessorImpl.newInstance(NativeConstructorAccessorImpl.java:77)
		at java.base/jdk.internal.reflect.DelegatingConstructorAccessorImpl.newInstance(DelegatingConstructorAccessorImpl.java:45)
		at java.base/java.lang.reflect.Constructor.newInstanceWithCaller(Constructor.java:499)
		at java.base/java.lang.reflect.Constructor.newInstance(Constructor.java:480)
		at org.apache.cxf.transport.http.HTTPConduit$WrappedOutputStream.mapException(HTTPConduit.java:1430)
		at org.apache.cxf.transport.http.HTTPConduit$WrappedOutputStream.close(HTTPConduit.java:1411)
		at org.apache.cxf.transport.AbstractConduit.close(AbstractConduit.java:56)
		at org.apache.cxf.transport.http.HTTPConduit.close(HTTPConduit.java:695)
		at org.apache.cxf.interceptor.MessageSenderInterceptor$MessageSenderEndingInterceptor.handleMessage(MessageSenderInterceptor.java:63)
		... 91 more
	Caused by: java.net.http.HttpConnectTimeoutException: HTTP connect timed out
		at java.net.http/jdk.internal.net.http.MultiExchange.toTimeoutException(MultiExchange.java:580)
		at java.net.http/jdk.internal.net.http.MultiExchange.getExceptionalCF(MultiExchange.java:527)
		at java.net.http/jdk.internal.net.http.MultiExchange.lambda$responseAsyncImpl$7(MultiExchange.java:447)
		at java.base/java.util.concurrent.CompletableFuture.uniHandle(CompletableFuture.java:934)
		at java.base/java.util.concurrent.CompletableFuture$UniHandle.tryFire(CompletableFuture.java:911)
		at java.base/java.util.concurrent.CompletableFuture.postComplete(CompletableFuture.java:510)
		at java.base/java.util.concurrent.CompletableFuture.completeExceptionally(CompletableFuture.java:2162)
		at java.net.http/jdk.internal.net.http.Exchange.checkCancelled(Exchange.java:287)
		at java.net.http/jdk.internal.net.http.Exchange.cancel(Exchange.java:250)
		at java.net.http/jdk.internal.net.http.MultiExchange.cancel(MultiExchange.java:260)
		at java.net.http/jdk.internal.net.http.PlainHttpConnection$ConnectTimerEvent.handle(PlainHttpConnection.java:102)
		at java.net.http/jdk.internal.net.http.HttpClientImpl.purgeTimeoutsAndReturnNextDeadline(HttpClientImpl.java:1270)
		at java.net.http/jdk.internal.net.http.HttpClientImpl$SelectorManager.run(HttpClientImpl.java:899)
	Caused by: java.net.ConnectException: HTTP connect timed out
		at java.net.http/jdk.internal.net.http.MultiExchange.toTimeoutException(MultiExchange.java:581)
		... 12 more
	Suppressed: [CIRCULAR REFERENCE: org.apache.cxf.interceptor.Fault: Could not send Message.]
	Suppressed: org.apache.cxf.interceptor.Fault: Failed to send RM protocol message {http://schemas.xmlsoap.org/ws/2005/02/rm}CreateSequence.
		at org.apache.cxf.ws.rm.AbstractRMInterceptor.handleMessage(AbstractRMInterceptor.java:104)
		at org.apache.cxf.phase.PhaseInterceptorChain.doIntercept(PhaseInterceptorChain.java:307)
		at org.apache.cxf.endpoint.ClientImpl.doInvoke(ClientImpl.java:528)
		at org.apache.cxf.endpoint.ClientImpl.invoke(ClientImpl.java:439)
		at org.apache.cxf.endpoint.ClientImpl.invoke(ClientImpl.java:354)
		at org.apache.cxf.endpoint.ClientImpl.invoke(ClientImpl.java:312)
		at org.apache.cxf.frontend.ClientProxy.invokeSync(ClientProxy.java:96)
		at org.apache.cxf.jaxws.JaxWsClientProxy.invoke(JaxWsClientProxy.java:140)
		... 75 more
	Caused by: org.apache.cxf.ws.rm.RMException: Failed to send RM protocol message {http://schemas.xmlsoap.org/ws/2005/02/rm}CreateSequence.
		at org.apache.cxf.ws.rm.Proxy.invoke(Proxy.java:354)
		at org.apache.cxf.ws.rm.Proxy.invoke(Proxy.java:307)
		at org.apache.cxf.ws.rm.Proxy.createSequence(Proxy.java:208)
		at org.apache.cxf.ws.rm.RMManager.getSequence(RMManager.java:492)
		at org.apache.cxf.ws.rm.RMCaptureOutInterceptor.handle(RMCaptureOutInterceptor.java:164)
		at org.apache.cxf.ws.rm.AbstractRMInterceptor.handleMessage(AbstractRMInterceptor.java:83)
		... 82 more
	Caused by: [CIRCULAR REFERENCE: org.apache.cxf.interceptor.Fault: Could not send Message.]
Caused by: [CIRCULAR REFERENCE: org.apache.cxf.ws.rm.RMException: Failed to send RM protocol message {http://schemas.xmlsoap.org/ws/2005/02/rm}CreateSequence.]
]]></error>
    <system-out><![CDATA[Host to call for Test:	localhost
Host to call for Test:	localhost
&amp#27;[38;5;145m2023-09-22 08:13:34,192&amp#27;[39m&amp#27;[38;5;188m &amp#27;[39m&amp#27;[38;5;107mINFO &amp#27;[39m&amp#27;[38;5;188m [&amp#27;[39m&amp#27;[38;5;69mde.joc.int.con.ContactTest&amp#27;[39m&amp#27;[38;5;188m] (&amp#27;[39m&amp#27;[38;5;71mmain&amp#27;[39m&amp#27;[38;5;188m) &amp#27;[39m&amp#27;[38;5;151mSOAP Call from ContactTest will call:	http://localhost:8180/cxfservices/contact&amp#27;[39m&amp#27;[38;5;203m&amp#27;[39m&amp#27;[38;5;227m
&amp#27;[39mHost to call for Test:	localhost
Host to call for Test:	localhost
&amp#27;[38;5;145m2023-09-22 08:13:34,210&amp#27;[39m&amp#27;[38;5;188m &amp#27;[39m&amp#27;[38;5;107mINFO &amp#27;[39m&amp#27;[38;5;188m [&amp#27;[39m&amp#27;[38;5;69mde.joc.int.con.ContactTest&amp#27;[39m&amp#27;[38;5;188m] (&amp#27;[39m&amp#27;[38;5;71mmain&amp#27;[39m&amp#27;[38;5;188m) &amp#27;[39m&amp#27;[38;5;151mSOAP Call from ContactTest will call:	http://localhost:8180/cxfservices/contact&amp#27;[39m&amp#27;[38;5;203m&amp#27;[39m&amp#27;[38;5;227m
&amp#27;[39m&amp#27;[38;5;145m2023-09-22 08:13:34,525&amp#27;[39m&amp#27;[38;5;188m &amp#27;[39m&amp#27;[38;5;137mWARN &amp#27;[39m&amp#27;[38;5;188m [&amp#27;[39m&amp#27;[38;5;69morg.apa.cxf.ws.rm.RMEndpoint&amp#27;[39m&amp#27;[38;5;188m] (&amp#27;[39m&amp#27;[38;5;71mmain&amp#27;[39m&amp#27;[38;5;188m) &amp#27;[39m&amp#27;[38;5;151mMBeanServer not available.&amp#27;[39m&amp#27;[38;5;203m&amp#27;[39m&amp#27;[38;5;227m
&amp#27;[39m&amp#27;[38;5;145m2023-09-22 08:13:34,533&amp#27;[39m&amp#27;[38;5;188m &amp#27;[39m&amp#27;[38;5;107mINFO &amp#27;[39m&amp#27;[38;5;188m [&amp#27;[39m&amp#27;[38;5;69morg.apa.cxf.ws.rm.Proxy&amp#27;[39m&amp#27;[38;5;188m] (&amp#27;[39m&amp#27;[38;5;71mmain&amp#27;[39m&amp#27;[38;5;188m) &amp#27;[39m&amp#27;[38;5;151mSending out-of-band RM protocol message {http://schemas.xmlsoap.org/ws/2005/02/rm}CreateSequence.&amp#27;[39m&amp#27;[38;5;203m&amp#27;[39m&amp#27;[38;5;227m
&amp#27;[39m&amp#27;[38;5;145m2023-09-22 08:14:04,727&amp#27;[39m&amp#27;[38;5;188m &amp#27;[39m&amp#27;[38;5;137mWARN &amp#27;[39m&amp#27;[38;5;188m [&amp#27;[39m&amp#27;[38;5;69morg.apa.cxf.pha.PhaseInterceptorChain&amp#27;[39m&amp#27;[38;5;188m] (&amp#27;[39m&amp#27;[38;5;71mmain&amp#27;[39m&amp#27;[38;5;188m) &amp#27;[39m&amp#27;[38;5;151mInterceptor for {http://schemas.xmlsoap.org/ws/2005/02/rm}SequenceAbstractService#{http://schemas.xmlsoap.org/ws/2005/02/rm}CreateSequence has thrown exception, unwinding now&amp#27;[39m&amp#27;[38;5;203m: org.apache.cxf.interceptor.Fault: Could not send Message.
	at org.apache.cxf.interceptor.MessageSenderInterceptor$MessageSenderEndingInterceptor.handleMessage(MessageSenderInterceptor.java:67)
	at org.apache.cxf.phase.PhaseInterceptorChain.doIntercept(PhaseInterceptorChain.java:307)
	at org.apache.cxf.endpoint.ClientImpl.doInvoke(ClientImpl.java:528)
	at org.apache.cxf.endpoint.ClientImpl.invoke(ClientImpl.java:439)
	at org.apache.cxf.ws.rm.Proxy.invoke(Proxy.java:344)
	at org.apache.cxf.ws.rm.Proxy.invoke(Proxy.java:307)
	at org.apache.cxf.ws.rm.Proxy.createSequence(Proxy.java:208)
	at org.apache.cxf.ws.rm.RMManager.getSequence(RMManager.java:492)
	at org.apache.cxf.ws.rm.RMCaptureOutInterceptor.handle(RMCaptureOutInterceptor.java:164)
	at org.apache.cxf.ws.rm.AbstractRMInterceptor.handleMessage(AbstractRMInterceptor.java:83)
	at org.apache.cxf.phase.PhaseInterceptorChain.doIntercept(PhaseInterceptorChain.java:307)
	at org.apache.cxf.endpoint.ClientImpl.doInvoke(ClientImpl.java:528)
	at org.apache.cxf.endpoint.ClientImpl.invoke(ClientImpl.java:439)
	at org.apache.cxf.endpoint.ClientImpl.invoke(ClientImpl.java:354)
	at org.apache.cxf.endpoint.ClientImpl.invoke(ClientImpl.java:312)
	at org.apache.cxf.frontend.ClientProxy.invokeSync(ClientProxy.java:96)
	at org.apache.cxf.jaxws.JaxWsClientProxy.invoke(JaxWsClientProxy.java:140)
	at jdk.proxy6/jdk.proxy6.$Proxy193.addContact(Unknown Source)
	at de.jochenr.integration.contact.ContactTest.testAddContactBackendSoap(ContactTest.java:138)
	at java.base/jdk.internal.reflect.NativeMethodAccessorImpl.invoke0(Native Method)
	at java.base/jdk.internal.reflect.NativeMethodAccessorImpl.invoke(NativeMethodAccessorImpl.java:77)
	at java.base/jdk.internal.reflect.DelegatingMethodAccessorImpl.invoke(DelegatingMethodAccessorImpl.java:43)
	at java.base/java.lang.reflect.Method.invoke(Method.java:568)
	at io.quarkus.test.junit.QuarkusTestExtension.runExtensionMethod(QuarkusTestExtension.java:1015)
	at io.quarkus.test.junit.QuarkusTestExtension.interceptTestMethod(QuarkusTestExtension.java:829)
	at org.junit.jupiter.engine.execution.InterceptingExecutableInvoker$ReflectiveInterceptorCall.lambda$ofVoidMethod$0(InterceptingExecutableInvoker.java:103)
	at org.junit.jupiter.engine.execution.InterceptingExecutableInvoker.lambda$invoke$0(InterceptingExecutableInvoker.java:93)
	at org.junit.jupiter.engine.execution.InvocationInterceptorChain$InterceptedInvocation.proceed(InvocationInterceptorChain.java:106)
	at org.junit.jupiter.engine.extension.TimeoutExtension.intercept(TimeoutExtension.java:156)
	at org.junit.jupiter.engine.extension.TimeoutExtension.interceptTestableMethod(TimeoutExtension.java:147)
	at org.junit.jupiter.engine.extension.TimeoutExtension.interceptTestMethod(TimeoutExtension.java:86)
	at org.junit.jupiter.engine.execution.InterceptingExecutableInvoker$ReflectiveInterceptorCall.lambda$ofVoidMethod$0(InterceptingExecutableInvoker.java:103)
	at org.junit.jupiter.engine.execution.InterceptingExecutableInvoker.lambda$invoke$0(InterceptingExecutableInvoker.java:93)
	at org.junit.jupiter.engine.execution.InvocationInterceptorChain$InterceptedInvocation.proceed(InvocationInterceptorChain.java:106)
	at org.junit.jupiter.engine.execution.InvocationInterceptorChain.proceed(InvocationInterceptorChain.java:64)
	at org.junit.jupiter.engine.execution.InvocationInterceptorChain.chainAndInvoke(InvocationInterceptorChain.java:45)
	at org.junit.jupiter.engine.execution.InvocationInterceptorChain.invoke(InvocationInterceptorChain.java:37)
	at org.junit.jupiter.engine.execution.InterceptingExecutableInvoker.invoke(InterceptingExecutableInvoker.java:92)
	at org.junit.jupiter.engine.execution.InterceptingExecutableInvoker.invoke(InterceptingExecutableInvoker.java:86)
	at org.junit.jupiter.engine.descriptor.TestMethodTestDescriptor.lambda$invokeTestMethod$7(TestMethodTestDescriptor.java:217)
	at org.junit.platform.engine.support.hierarchical.ThrowableCollector.execute(ThrowableCollector.java:73)
	at org.junit.jupiter.engine.descriptor.TestMethodTestDescriptor.invokeTestMethod(TestMethodTestDescriptor.java:213)
	at org.junit.jupiter.engine.descriptor.TestMethodTestDescriptor.execute(TestMethodTestDescriptor.java:138)
	at org.junit.jupiter.engine.descriptor.TestMethodTestDescriptor.execute(TestMethodTestDescriptor.java:68)
	at org.junit.platform.engine.support.hierarchical.NodeTestTask.lambda$executeRecursively$6(NodeTestTask.java:151)
	at org.junit.platform.engine.support.hierarchical.ThrowableCollector.execute(ThrowableCollector.java:73)
	at org.junit.platform.engine.support.hierarchical.NodeTestTask.lambda$executeRecursively$8(NodeTestTask.java:141)
	at org.junit.platform.engine.support.hierarchical.Node.around(Node.java:137)
	at org.junit.platform.engine.support.hierarchical.NodeTestTask.lambda$executeRecursively$9(NodeTestTask.java:139)
	at org.junit.platform.engine.support.hierarchical.ThrowableCollector.execute(ThrowableCollector.java:73)
	at org.junit.platform.engine.support.hierarchical.NodeTestTask.executeRecursively(NodeTestTask.java:138)
	at org.junit.platform.engine.support.hierarchical.NodeTestTask.execute(NodeTestTask.java:95)
	at java.base/java.util.ArrayList.forEach(ArrayList.java:1511)
	at org.junit.platform.engine.support.hierarchical.SameThreadHierarchicalTestExecutorService.invokeAll(SameThreadHierarchicalTestExecutorService.java:41)
	at org.junit.platform.engine.support.hierarchical.NodeTestTask.lambda$executeRecursively$6(NodeTestTask.java:155)
	at org.junit.platform.engine.support.hierarchical.ThrowableCollector.execute(ThrowableCollector.java:73)
	at org.junit.platform.engine.support.hierarchical.NodeTestTask.lambda$executeRecursively$8(NodeTestTask.java:141)
	at org.junit.platform.engine.support.hierarchical.Node.around(Node.java:137)
	at org.junit.platform.engine.support.hierarchical.NodeTestTask.lambda$executeRecursively$9(NodeTestTask.java:139)
	at org.junit.platform.engine.support.hierarchical.ThrowableCollector.execute(ThrowableCollector.java:73)
	at org.junit.platform.engine.support.hierarchical.NodeTestTask.executeRecursively(NodeTestTask.java:138)
	at org.junit.platform.engine.support.hierarchical.NodeTestTask.execute(NodeTestTask.java:95)
	at java.base/java.util.ArrayList.forEach(ArrayList.java:1511)
	at org.junit.platform.engine.support.hierarchical.SameThreadHierarchicalTestExecutorService.invokeAll(SameThreadHierarchicalTestExecutorService.java:41)
	at org.junit.platform.engine.support.hierarchical.NodeTestTask.lambda$executeRecursively$6(NodeTestTask.java:155)
	at org.junit.platform.engine.support.hierarchical.ThrowableCollector.execute(ThrowableCollector.java:73)
	at org.junit.platform.engine.support.hierarchical.NodeTestTask.lambda$executeRecursively$8(NodeTestTask.java:141)
	at org.junit.platform.engine.support.hierarchical.Node.around(Node.java:137)
	at org.junit.platform.engine.support.hierarchical.NodeTestTask.lambda$executeRecursively$9(NodeTestTask.java:139)
	at org.junit.platform.engine.support.hierarchical.ThrowableCollector.execute(ThrowableCollector.java:73)
	at org.junit.platform.engine.support.hierarchical.NodeTestTask.executeRecursively(NodeTestTask.java:138)
	at org.junit.platform.engine.support.hierarchical.NodeTestTask.execute(NodeTestTask.java:95)
	at org.junit.platform.engine.support.hierarchical.SameThreadHierarchicalTestExecutorService.submit(SameThreadHierarchicalTestExecutorService.java:35)
	at org.junit.platform.engine.support.hierarchical.HierarchicalTestExecutor.execute(HierarchicalTestExecutor.java:57)
	at org.junit.platform.engine.support.hierarchical.HierarchicalTestEngine.execute(HierarchicalTestEngine.java:54)
	at org.junit.platform.launcher.core.EngineExecutionOrchestrator.execute(EngineExecutionOrchestrator.java:147)
	at org.junit.platform.launcher.core.EngineExecutionOrchestrator.execute(EngineExecutionOrchestrator.java:127)
	at org.junit.platform.launcher.core.EngineExecutionOrchestrator.execute(EngineExecutionOrchestrator.java:90)
	at org.junit.platform.launcher.core.EngineExecutionOrchestrator.lambda$execute$0(EngineExecutionOrchestrator.java:55)
	at org.junit.platform.launcher.core.EngineExecutionOrchestrator.withInterceptedStreams(EngineExecutionOrchestrator.java:102)
	at org.junit.platform.launcher.core.EngineExecutionOrchestrator.execute(EngineExecutionOrchestrator.java:54)
	at org.junit.platform.launcher.core.DefaultLauncher.execute(DefaultLauncher.java:114)
	at org.junit.platform.launcher.core.DefaultLauncher.execute(DefaultLauncher.java:86)
	at org.junit.platform.launcher.core.DefaultLauncherSession$DelegatingLauncher.execute(DefaultLauncherSession.java:86)
	at org.apache.maven.surefire.junitplatform.LazyLauncher.execute(LazyLauncher.java:56)
	at org.apache.maven.surefire.junitplatform.JUnitPlatformProvider.execute(JUnitPlatformProvider.java:184)
	at org.apache.maven.surefire.junitplatform.JUnitPlatformProvider.invokeAllTests(JUnitPlatformProvider.java:148)
	at org.apache.maven.surefire.junitplatform.JUnitPlatformProvider.invoke(JUnitPlatformProvider.java:122)
	at org.apache.maven.surefire.booter.ForkedBooter.runSuitesInProcess(ForkedBooter.java:385)
	at org.apache.maven.surefire.booter.ForkedBooter.execute(ForkedBooter.java:162)
	at org.apache.maven.surefire.booter.ForkedBooter.run(ForkedBooter.java:507)
	at org.apache.maven.surefire.booter.ForkedBooter.main(ForkedBooter.java:495)
Caused by: java.net.http.HttpConnectTimeoutException: HttpConnectTimeoutException invoking https://nowhere.com:8080/mustgetoverridden: HTTP connect timed out
	at java.base/jdk.internal.reflect.NativeConstructorAccessorImpl.newInstance0(Native Method)
	at java.base/jdk.internal.reflect.NativeConstructorAccessorImpl.newInstance(NativeConstructorAccessorImpl.java:77)
	at java.base/jdk.internal.reflect.DelegatingConstructorAccessorImpl.newInstance(DelegatingConstructorAccessorImpl.java:45)
	at java.base/java.lang.reflect.Constructor.newInstanceWithCaller(Constructor.java:499)
	at java.base/java.lang.reflect.Constructor.newInstance(Constructor.java:480)
	at org.apache.cxf.transport.http.HTTPConduit$WrappedOutputStream.mapException(HTTPConduit.java:1430)
	at org.apache.cxf.transport.http.HTTPConduit$WrappedOutputStream.close(HTTPConduit.java:1411)
	at org.apache.cxf.transport.AbstractConduit.close(AbstractConduit.java:56)
	at org.apache.cxf.transport.http.HTTPConduit.close(HTTPConduit.java:695)
	at org.apache.cxf.interceptor.MessageSenderInterceptor$MessageSenderEndingInterceptor.handleMessage(MessageSenderInterceptor.java:63)
	... 91 more
Caused by: java.net.http.HttpConnectTimeoutException: HTTP connect timed out
	at java.net.http/jdk.internal.net.http.MultiExchange.toTimeoutException(MultiExchange.java:580)
	at java.net.http/jdk.internal.net.http.MultiExchange.getExceptionalCF(MultiExchange.java:527)
	at java.net.http/jdk.internal.net.http.MultiExchange.lambda$responseAsyncImpl$7(MultiExchange.java:447)
	at java.base/java.util.concurrent.CompletableFuture.uniHandle(CompletableFuture.java:934)
	at java.base/java.util.concurrent.CompletableFuture$UniHandle.tryFire(CompletableFuture.java:911)
	at java.base/java.util.concurrent.CompletableFuture.postComplete(CompletableFuture.java:510)
	at java.base/java.util.concurrent.CompletableFuture.completeExceptionally(CompletableFuture.java:2162)
	at java.net.http/jdk.internal.net.http.Exchange.checkCancelled(Exchange.java:287)
	at java.net.http/jdk.internal.net.http.Exchange.cancel(Exchange.java:250)
	at java.net.http/jdk.internal.net.http.MultiExchange.cancel(MultiExchange.java:260)
	at java.net.http/jdk.internal.net.http.PlainHttpConnection$ConnectTimerEvent.handle(PlainHttpConnection.java:102)
	at java.net.http/jdk.internal.net.http.HttpClientImpl.purgeTimeoutsAndReturnNextDeadline(HttpClientImpl.java:1270)
	at java.net.http/jdk.internal.net.http.HttpClientImpl$SelectorManager.run(HttpClientImpl.java:899)
Caused by: java.net.ConnectException: HTTP connect timed out
	at java.net.http/jdk.internal.net.http.MultiExchange.toTimeoutException(MultiExchange.java:581)
	... 12 more
&amp#27;[39m&amp#27;[38;5;227m
&amp#27;[39m&amp#27;[38;5;145m2023-09-22 08:14:04,732&amp#27;[39m&amp#27;[38;5;188m &amp#27;[39m&amp#27;[38;5;203mERROR&amp#27;[39m&amp#27;[38;5;188m [&amp#27;[39m&amp#27;[38;5;69morg.apa.cxf.ws.rm.Proxy&amp#27;[39m&amp#27;[38;5;188m] (&amp#27;[39m&amp#27;[38;5;71mmain&amp#27;[39m&amp#27;[38;5;188m) &amp#27;[39m&amp#27;[38;5;151mFailed to send RM protocol message {http://schemas.xmlsoap.org/ws/2005/02/rm}CreateSequence.&amp#27;[39m&amp#27;[38;5;203m: org.apache.cxf.interceptor.Fault: Could not send Message.
	at org.apache.cxf.interceptor.MessageSenderInterceptor$MessageSenderEndingInterceptor.handleMessage(MessageSenderInterceptor.java:67)
	at org.apache.cxf.phase.PhaseInterceptorChain.doIntercept(PhaseInterceptorChain.java:307)
	at org.apache.cxf.endpoint.ClientImpl.doInvoke(ClientImpl.java:528)
	at org.apache.cxf.endpoint.ClientImpl.invoke(ClientImpl.java:439)
	at org.apache.cxf.ws.rm.Proxy.invoke(Proxy.java:344)
	at org.apache.cxf.ws.rm.Proxy.invoke(Proxy.java:307)
	at org.apache.cxf.ws.rm.Proxy.createSequence(Proxy.java:208)
	at org.apache.cxf.ws.rm.RMManager.getSequence(RMManager.java:492)
	at org.apache.cxf.ws.rm.RMCaptureOutInterceptor.handle(RMCaptureOutInterceptor.java:164)
	at org.apache.cxf.ws.rm.AbstractRMInterceptor.handleMessage(AbstractRMInterceptor.java:83)
	at org.apache.cxf.phase.PhaseInterceptorChain.doIntercept(PhaseInterceptorChain.java:307)
	at org.apache.cxf.endpoint.ClientImpl.doInvoke(ClientImpl.java:528)
	at org.apache.cxf.endpoint.ClientImpl.invoke(ClientImpl.java:439)
	at org.apache.cxf.endpoint.ClientImpl.invoke(ClientImpl.java:354)
	at org.apache.cxf.endpoint.ClientImpl.invoke(ClientImpl.java:312)
	at org.apache.cxf.frontend.ClientProxy.invokeSync(ClientProxy.java:96)
	at org.apache.cxf.jaxws.JaxWsClientProxy.invoke(JaxWsClientProxy.java:140)
	at jdk.proxy6/jdk.proxy6.$Proxy193.addContact(Unknown Source)
	at de.jochenr.integration.contact.ContactTest.testAddContactBackendSoap(ContactTest.java:138)
	at java.base/jdk.internal.reflect.NativeMethodAccessorImpl.invoke0(Native Method)
	at java.base/jdk.internal.reflect.NativeMethodAccessorImpl.invoke(NativeMethodAccessorImpl.java:77)
	at java.base/jdk.internal.reflect.DelegatingMethodAccessorImpl.invoke(DelegatingMethodAccessorImpl.java:43)
	at java.base/java.lang.reflect.Method.invoke(Method.java:568)
	at io.quarkus.test.junit.QuarkusTestExtension.runExtensionMethod(QuarkusTestExtension.java:1015)
	at io.quarkus.test.junit.QuarkusTestExtension.interceptTestMethod(QuarkusTestExtension.java:829)
	at org.junit.jupiter.engine.execution.InterceptingExecutableInvoker$ReflectiveInterceptorCall.lambda$ofVoidMethod$0(InterceptingExecutableInvoker.java:103)
	at org.junit.jupiter.engine.execution.InterceptingExecutableInvoker.lambda$invoke$0(InterceptingExecutableInvoker.java:93)
	at org.junit.jupiter.engine.execution.InvocationInterceptorChain$InterceptedInvocation.proceed(InvocationInterceptorChain.java:106)
	at org.junit.jupiter.engine.extension.TimeoutExtension.intercept(TimeoutExtension.java:156)
	at org.junit.jupiter.engine.extension.TimeoutExtension.interceptTestableMethod(TimeoutExtension.java:147)
	at org.junit.jupiter.engine.extension.TimeoutExtension.interceptTestMethod(TimeoutExtension.java:86)
	at org.junit.jupiter.engine.execution.InterceptingExecutableInvoker$ReflectiveInterceptorCall.lambda$ofVoidMethod$0(InterceptingExecutableInvoker.java:103)
	at org.junit.jupiter.engine.execution.InterceptingExecutableInvoker.lambda$invoke$0(InterceptingExecutableInvoker.java:93)
	at org.junit.jupiter.engine.execution.InvocationInterceptorChain$InterceptedInvocation.proceed(InvocationInterceptorChain.java:106)
	at org.junit.jupiter.engine.execution.InvocationInterceptorChain.proceed(InvocationInterceptorChain.java:64)
	at org.junit.jupiter.engine.execution.InvocationInterceptorChain.chainAndInvoke(InvocationInterceptorChain.java:45)
	at org.junit.jupiter.engine.execution.InvocationInterceptorChain.invoke(InvocationInterceptorChain.java:37)
	at org.junit.jupiter.engine.execution.InterceptingExecutableInvoker.invoke(InterceptingExecutableInvoker.java:92)
	at org.junit.jupiter.engine.execution.InterceptingExecutableInvoker.invoke(InterceptingExecutableInvoker.java:86)
	at org.junit.jupiter.engine.descriptor.TestMethodTestDescriptor.lambda$invokeTestMethod$7(TestMethodTestDescriptor.java:217)
	at org.junit.platform.engine.support.hierarchical.ThrowableCollector.execute(ThrowableCollector.java:73)
	at org.junit.jupiter.engine.descriptor.TestMethodTestDescriptor.invokeTestMethod(TestMethodTestDescriptor.java:213)
	at org.junit.jupiter.engine.descriptor.TestMethodTestDescriptor.execute(TestMethodTestDescriptor.java:138)
	at org.junit.jupiter.engine.descriptor.TestMethodTestDescriptor.execute(TestMethodTestDescriptor.java:68)
	at org.junit.platform.engine.support.hierarchical.NodeTestTask.lambda$executeRecursively$6(NodeTestTask.java:151)
	at org.junit.platform.engine.support.hierarchical.ThrowableCollector.execute(ThrowableCollector.java:73)
	at org.junit.platform.engine.support.hierarchical.NodeTestTask.lambda$executeRecursively$8(NodeTestTask.java:141)
	at org.junit.platform.engine.support.hierarchical.Node.around(Node.java:137)
	at org.junit.platform.engine.support.hierarchical.NodeTestTask.lambda$executeRecursively$9(NodeTestTask.java:139)
	at org.junit.platform.engine.support.hierarchical.ThrowableCollector.execute(ThrowableCollector.java:73)
	at org.junit.platform.engine.support.hierarchical.NodeTestTask.executeRecursively(NodeTestTask.java:138)
	at org.junit.platform.engine.support.hierarchical.NodeTestTask.execute(NodeTestTask.java:95)
	at java.base/java.util.ArrayList.forEach(ArrayList.java:1511)
	at org.junit.platform.engine.support.hierarchical.SameThreadHierarchicalTestExecutorService.invokeAll(SameThreadHierarchicalTestExecutorService.java:41)
	at org.junit.platform.engine.support.hierarchical.NodeTestTask.lambda$executeRecursively$6(NodeTestTask.java:155)
	at org.junit.platform.engine.support.hierarchical.ThrowableCollector.execute(ThrowableCollector.java:73)
	at org.junit.platform.engine.support.hierarchical.NodeTestTask.lambda$executeRecursively$8(NodeTestTask.java:141)
	at org.junit.platform.engine.support.hierarchical.Node.around(Node.java:137)
	at org.junit.platform.engine.support.hierarchical.NodeTestTask.lambda$executeRecursively$9(NodeTestTask.java:139)
	at org.junit.platform.engine.support.hierarchical.ThrowableCollector.execute(ThrowableCollector.java:73)
	at org.junit.platform.engine.support.hierarchical.NodeTestTask.executeRecursively(NodeTestTask.java:138)
	at org.junit.platform.engine.support.hierarchical.NodeTestTask.execute(NodeTestTask.java:95)
	at java.base/java.util.ArrayList.forEach(ArrayList.java:1511)
	at org.junit.platform.engine.support.hierarchical.SameThreadHierarchicalTestExecutorService.invokeAll(SameThreadHierarchicalTestExecutorService.java:41)
	at org.junit.platform.engine.support.hierarchical.NodeTestTask.lambda$executeRecursively$6(NodeTestTask.java:155)
	at org.junit.platform.engine.support.hierarchical.ThrowableCollector.execute(ThrowableCollector.java:73)
	at org.junit.platform.engine.support.hierarchical.NodeTestTask.lambda$executeRecursively$8(NodeTestTask.java:141)
	at org.junit.platform.engine.support.hierarchical.Node.around(Node.java:137)
	at org.junit.platform.engine.support.hierarchical.NodeTestTask.lambda$executeRecursively$9(NodeTestTask.java:139)
	at org.junit.platform.engine.support.hierarchical.ThrowableCollector.execute(ThrowableCollector.java:73)
	at org.junit.platform.engine.support.hierarchical.NodeTestTask.executeRecursively(NodeTestTask.java:138)
	at org.junit.platform.engine.support.hierarchical.NodeTestTask.execute(NodeTestTask.java:95)
	at org.junit.platform.engine.support.hierarchical.SameThreadHierarchicalTestExecutorService.submit(SameThreadHierarchicalTestExecutorService.java:35)
	at org.junit.platform.engine.support.hierarchical.HierarchicalTestExecutor.execute(HierarchicalTestExecutor.java:57)
	at org.junit.platform.engine.support.hierarchical.HierarchicalTestEngine.execute(HierarchicalTestEngine.java:54)
	at org.junit.platform.launcher.core.EngineExecutionOrchestrator.execute(EngineExecutionOrchestrator.java:147)
	at org.junit.platform.launcher.core.EngineExecutionOrchestrator.execute(EngineExecutionOrchestrator.java:127)
	at org.junit.platform.launcher.core.EngineExecutionOrchestrator.execute(EngineExecutionOrchestrator.java:90)
	at org.junit.platform.launcher.core.EngineExecutionOrchestrator.lambda$execute$0(EngineExecutionOrchestrator.java:55)
	at org.junit.platform.launcher.core.EngineExecutionOrchestrator.withInterceptedStreams(EngineExecutionOrchestrator.java:102)
	at org.junit.platform.launcher.core.EngineExecutionOrchestrator.execute(EngineExecutionOrchestrator.java:54)
	at org.junit.platform.launcher.core.DefaultLauncher.execute(DefaultLauncher.java:114)
	at org.junit.platform.launcher.core.DefaultLauncher.execute(DefaultLauncher.java:86)
	at org.junit.platform.launcher.core.DefaultLauncherSession$DelegatingLauncher.execute(DefaultLauncherSession.java:86)
	at org.apache.maven.surefire.junitplatform.LazyLauncher.execute(LazyLauncher.java:56)
	at org.apache.maven.surefire.junitplatform.JUnitPlatformProvider.execute(JUnitPlatformProvider.java:184)
	at org.apache.maven.surefire.junitplatform.JUnitPlatformProvider.invokeAllTests(JUnitPlatformProvider.java:148)
	at org.apache.maven.surefire.junitplatform.JUnitPlatformProvider.invoke(JUnitPlatformProvider.java:122)
	at org.apache.maven.surefire.booter.ForkedBooter.runSuitesInProcess(ForkedBooter.java:385)
	at org.apache.maven.surefire.booter.ForkedBooter.execute(ForkedBooter.java:162)
	at org.apache.maven.surefire.booter.ForkedBooter.run(ForkedBooter.java:507)
	at org.apache.maven.surefire.booter.ForkedBooter.main(ForkedBooter.java:495)
Caused by: java.net.http.HttpConnectTimeoutException: HttpConnectTimeoutException invoking https://nowhere.com:8080/mustgetoverridden: HTTP connect timed out
	at java.base/jdk.internal.reflect.NativeConstructorAccessorImpl.newInstance0(Native Method)
	at java.base/jdk.internal.reflect.NativeConstructorAccessorImpl.newInstance(NativeConstructorAccessorImpl.java:77)
	at java.base/jdk.internal.reflect.DelegatingConstructorAccessorImpl.newInstance(DelegatingConstructorAccessorImpl.java:45)
	at java.base/java.lang.reflect.Constructor.newInstanceWithCaller(Constructor.java:499)
	at java.base/java.lang.reflect.Constructor.newInstance(Constructor.java:480)
	at org.apache.cxf.transport.http.HTTPConduit$WrappedOutputStream.mapException(HTTPConduit.java:1430)
	at org.apache.cxf.transport.http.HTTPConduit$WrappedOutputStream.close(HTTPConduit.java:1411)
	at org.apache.cxf.transport.AbstractConduit.close(AbstractConduit.java:56)
	at org.apache.cxf.transport.http.HTTPConduit.close(HTTPConduit.java:695)
	at org.apache.cxf.interceptor.MessageSenderInterceptor$MessageSenderEndingInterceptor.handleMessage(MessageSenderInterceptor.java:63)
	... 91 more
Caused by: java.net.http.HttpConnectTimeoutException: HTTP connect timed out
	at java.net.http/jdk.internal.net.http.MultiExchange.toTimeoutException(MultiExchange.java:580)
	at java.net.http/jdk.internal.net.http.MultiExchange.getExceptionalCF(MultiExchange.java:527)
	at java.net.http/jdk.internal.net.http.MultiExchange.lambda$responseAsyncImpl$7(MultiExchange.java:447)
	at java.base/java.util.concurrent.CompletableFuture.uniHandle(CompletableFuture.java:934)
	at java.base/java.util.concurrent.CompletableFuture$UniHandle.tryFire(CompletableFuture.java:911)
	at java.base/java.util.concurrent.CompletableFuture.postComplete(CompletableFuture.java:510)
	at java.base/java.util.concurrent.CompletableFuture.completeExceptionally(CompletableFuture.java:2162)
	at java.net.http/jdk.internal.net.http.Exchange.checkCancelled(Exchange.java:287)
	at java.net.http/jdk.internal.net.http.Exchange.cancel(Exchange.java:250)
	at java.net.http/jdk.internal.net.http.MultiExchange.cancel(MultiExchange.java:260)
	at java.net.http/jdk.internal.net.http.PlainHttpConnection$ConnectTimerEvent.handle(PlainHttpConnection.java:102)
	at java.net.http/jdk.internal.net.http.HttpClientImpl.purgeTimeoutsAndReturnNextDeadline(HttpClientImpl.java:1270)
	at java.net.http/jdk.internal.net.http.HttpClientImpl$SelectorManager.run(HttpClientImpl.java:899)
Caused by: java.net.ConnectException: HTTP connect timed out
	at java.net.http/jdk.internal.net.http.MultiExchange.toTimeoutException(MultiExchange.java:581)
	... 12 more
&amp#27;[39m&amp#27;[38;5;227m
&amp#27;[39m&amp#27;[38;5;145m2023-09-22 08:14:04,734&amp#27;[39m&amp#27;[38;5;188m &amp#27;[39m&amp#27;[38;5;137mWARN &amp#27;[39m&amp#27;[38;5;188m [&amp#27;[39m&amp#27;[38;5;69morg.apa.cxf.pha.PhaseInterceptorChain&amp#27;[39m&amp#27;[38;5;188m] (&amp#27;[39m&amp#27;[38;5;71mmain&amp#27;[39m&amp#27;[38;5;188m) &amp#27;[39m&amp#27;[38;5;151mInterceptor for {http://de.jochenr.camel-quarkus/cxf-soap/ContactService}ContactService#{http://de.jochenr.camel-quarkus/cxf-soap/ContactService}addContact has thrown exception, unwinding now&amp#27;[39m&amp#27;[38;5;203m: org.apache.cxf.interceptor.Fault: Failed to send RM protocol message {http://schemas.xmlsoap.org/ws/2005/02/rm}CreateSequence.
	at org.apache.cxf.ws.rm.AbstractRMInterceptor.handleMessage(AbstractRMInterceptor.java:104)
	at org.apache.cxf.phase.PhaseInterceptorChain.doIntercept(PhaseInterceptorChain.java:307)
	at org.apache.cxf.endpoint.ClientImpl.doInvoke(ClientImpl.java:528)
	at org.apache.cxf.endpoint.ClientImpl.invoke(ClientImpl.java:439)
	at org.apache.cxf.endpoint.ClientImpl.invoke(ClientImpl.java:354)
	at org.apache.cxf.endpoint.ClientImpl.invoke(ClientImpl.java:312)
	at org.apache.cxf.frontend.ClientProxy.invokeSync(ClientProxy.java:96)
	at org.apache.cxf.jaxws.JaxWsClientProxy.invoke(JaxWsClientProxy.java:140)
	at jdk.proxy6/jdk.proxy6.$Proxy193.addContact(Unknown Source)
	at de.jochenr.integration.contact.ContactTest.testAddContactBackendSoap(ContactTest.java:138)
	at java.base/jdk.internal.reflect.NativeMethodAccessorImpl.invoke0(Native Method)
	at java.base/jdk.internal.reflect.NativeMethodAccessorImpl.invoke(NativeMethodAccessorImpl.java:77)
	at java.base/jdk.internal.reflect.DelegatingMethodAccessorImpl.invoke(DelegatingMethodAccessorImpl.java:43)
	at java.base/java.lang.reflect.Method.invoke(Method.java:568)
	at io.quarkus.test.junit.QuarkusTestExtension.runExtensionMethod(QuarkusTestExtension.java:1015)
	at io.quarkus.test.junit.QuarkusTestExtension.interceptTestMethod(QuarkusTestExtension.java:829)
	at org.junit.jupiter.engine.execution.InterceptingExecutableInvoker$ReflectiveInterceptorCall.lambda$ofVoidMethod$0(InterceptingExecutableInvoker.java:103)
	at org.junit.jupiter.engine.execution.InterceptingExecutableInvoker.lambda$invoke$0(InterceptingExecutableInvoker.java:93)
	at org.junit.jupiter.engine.execution.InvocationInterceptorChain$InterceptedInvocation.proceed(InvocationInterceptorChain.java:106)
	at org.junit.jupiter.engine.extension.TimeoutExtension.intercept(TimeoutExtension.java:156)
	at org.junit.jupiter.engine.extension.TimeoutExtension.interceptTestableMethod(TimeoutExtension.java:147)
	at org.junit.jupiter.engine.extension.TimeoutExtension.interceptTestMethod(TimeoutExtension.java:86)
	at org.junit.jupiter.engine.execution.InterceptingExecutableInvoker$ReflectiveInterceptorCall.lambda$ofVoidMethod$0(InterceptingExecutableInvoker.java:103)
	at org.junit.jupiter.engine.execution.InterceptingExecutableInvoker.lambda$invoke$0(InterceptingExecutableInvoker.java:93)
	at org.junit.jupiter.engine.execution.InvocationInterceptorChain$InterceptedInvocation.proceed(InvocationInterceptorChain.java:106)
	at org.junit.jupiter.engine.execution.InvocationInterceptorChain.proceed(InvocationInterceptorChain.java:64)
	at org.junit.jupiter.engine.execution.InvocationInterceptorChain.chainAndInvoke(InvocationInterceptorChain.java:45)
	at org.junit.jupiter.engine.execution.InvocationInterceptorChain.invoke(InvocationInterceptorChain.java:37)
	at org.junit.jupiter.engine.execution.InterceptingExecutableInvoker.invoke(InterceptingExecutableInvoker.java:92)
	at org.junit.jupiter.engine.execution.InterceptingExecutableInvoker.invoke(InterceptingExecutableInvoker.java:86)
	at org.junit.jupiter.engine.descriptor.TestMethodTestDescriptor.lambda$invokeTestMethod$7(TestMethodTestDescriptor.java:217)
	at org.junit.platform.engine.support.hierarchical.ThrowableCollector.execute(ThrowableCollector.java:73)
	at org.junit.jupiter.engine.descriptor.TestMethodTestDescriptor.invokeTestMethod(TestMethodTestDescriptor.java:213)
	at org.junit.jupiter.engine.descriptor.TestMethodTestDescriptor.execute(TestMethodTestDescriptor.java:138)
	at org.junit.jupiter.engine.descriptor.TestMethodTestDescriptor.execute(TestMethodTestDescriptor.java:68)
	at org.junit.platform.engine.support.hierarchical.NodeTestTask.lambda$executeRecursively$6(NodeTestTask.java:151)
	at org.junit.platform.engine.support.hierarchical.ThrowableCollector.execute(ThrowableCollector.java:73)
	at org.junit.platform.engine.support.hierarchical.NodeTestTask.lambda$executeRecursively$8(NodeTestTask.java:141)
	at org.junit.platform.engine.support.hierarchical.Node.around(Node.java:137)
	at org.junit.platform.engine.support.hierarchical.NodeTestTask.lambda$executeRecursively$9(NodeTestTask.java:139)
	at org.junit.platform.engine.support.hierarchical.ThrowableCollector.execute(ThrowableCollector.java:73)
	at org.junit.platform.engine.support.hierarchical.NodeTestTask.executeRecursively(NodeTestTask.java:138)
	at org.junit.platform.engine.support.hierarchical.NodeTestTask.execute(NodeTestTask.java:95)
	at java.base/java.util.ArrayList.forEach(ArrayList.java:1511)
	at org.junit.platform.engine.support.hierarchical.SameThreadHierarchicalTestExecutorService.invokeAll(SameThreadHierarchicalTestExecutorService.java:41)
	at org.junit.platform.engine.support.hierarchical.NodeTestTask.lambda$executeRecursively$6(NodeTestTask.java:155)
	at org.junit.platform.engine.support.hierarchical.ThrowableCollector.execute(ThrowableCollector.java:73)
	at org.junit.platform.engine.support.hierarchical.NodeTestTask.lambda$executeRecursively$8(NodeTestTask.java:141)
	at org.junit.platform.engine.support.hierarchical.Node.around(Node.java:137)
	at org.junit.platform.engine.support.hierarchical.NodeTestTask.lambda$executeRecursively$9(NodeTestTask.java:139)
	at org.junit.platform.engine.support.hierarchical.ThrowableCollector.execute(ThrowableCollector.java:73)
	at org.junit.platform.engine.support.hierarchical.NodeTestTask.executeRecursively(NodeTestTask.java:138)
	at org.junit.platform.engine.support.hierarchical.NodeTestTask.execute(NodeTestTask.java:95)
	at java.base/java.util.ArrayList.forEach(ArrayList.java:1511)
	at org.junit.platform.engine.support.hierarchical.SameThreadHierarchicalTestExecutorService.invokeAll(SameThreadHierarchicalTestExecutorService.java:41)
	at org.junit.platform.engine.support.hierarchical.NodeTestTask.lambda$executeRecursively$6(NodeTestTask.java:155)
	at org.junit.platform.engine.support.hierarchical.ThrowableCollector.execute(ThrowableCollector.java:73)
	at org.junit.platform.engine.support.hierarchical.NodeTestTask.lambda$executeRecursively$8(NodeTestTask.java:141)
	at org.junit.platform.engine.support.hierarchical.Node.around(Node.java:137)
	at org.junit.platform.engine.support.hierarchical.NodeTestTask.lambda$executeRecursively$9(NodeTestTask.java:139)
	at org.junit.platform.engine.support.hierarchical.ThrowableCollector.execute(ThrowableCollector.java:73)
	at org.junit.platform.engine.support.hierarchical.NodeTestTask.executeRecursively(NodeTestTask.java:138)
	at org.junit.platform.engine.support.hierarchical.NodeTestTask.execute(NodeTestTask.java:95)
	at org.junit.platform.engine.support.hierarchical.SameThreadHierarchicalTestExecutorService.submit(SameThreadHierarchicalTestExecutorService.java:35)
	at org.junit.platform.engine.support.hierarchical.HierarchicalTestExecutor.execute(HierarchicalTestExecutor.java:57)
	at org.junit.platform.engine.support.hierarchical.HierarchicalTestEngine.execute(HierarchicalTestEngine.java:54)
	at org.junit.platform.launcher.core.EngineExecutionOrchestrator.execute(EngineExecutionOrchestrator.java:147)
	at org.junit.platform.launcher.core.EngineExecutionOrchestrator.execute(EngineExecutionOrchestrator.java:127)
	at org.junit.platform.launcher.core.EngineExecutionOrchestrator.execute(EngineExecutionOrchestrator.java:90)
	at org.junit.platform.launcher.core.EngineExecutionOrchestrator.lambda$execute$0(EngineExecutionOrchestrator.java:55)
	at org.junit.platform.launcher.core.EngineExecutionOrchestrator.withInterceptedStreams(EngineExecutionOrchestrator.java:102)
	at org.junit.platform.launcher.core.EngineExecutionOrchestrator.execute(EngineExecutionOrchestrator.java:54)
	at org.junit.platform.launcher.core.DefaultLauncher.execute(DefaultLauncher.java:114)
	at org.junit.platform.launcher.core.DefaultLauncher.execute(DefaultLauncher.java:86)
	at org.junit.platform.launcher.core.DefaultLauncherSession$DelegatingLauncher.execute(DefaultLauncherSession.java:86)
	at org.apache.maven.surefire.junitplatform.LazyLauncher.execute(LazyLauncher.java:56)
	at org.apache.maven.surefire.junitplatform.JUnitPlatformProvider.execute(JUnitPlatformProvider.java:184)
	at org.apache.maven.surefire.junitplatform.JUnitPlatformProvider.invokeAllTests(JUnitPlatformProvider.java:148)
	at org.apache.maven.surefire.junitplatform.JUnitPlatformProvider.invoke(JUnitPlatformProvider.java:122)
	at org.apache.maven.surefire.booter.ForkedBooter.runSuitesInProcess(ForkedBooter.java:385)
	at org.apache.maven.surefire.booter.ForkedBooter.execute(ForkedBooter.java:162)
	at org.apache.maven.surefire.booter.ForkedBooter.run(ForkedBooter.java:507)
	at org.apache.maven.surefire.booter.ForkedBooter.main(ForkedBooter.java:495)
Caused by: org.apache.cxf.ws.rm.RMException: Failed to send RM protocol message {http://schemas.xmlsoap.org/ws/2005/02/rm}CreateSequence.
	at org.apache.cxf.ws.rm.Proxy.invoke(Proxy.java:354)
	at org.apache.cxf.ws.rm.Proxy.invoke(Proxy.java:307)
	at org.apache.cxf.ws.rm.Proxy.createSequence(Proxy.java:208)
	at org.apache.cxf.ws.rm.RMManager.getSequence(RMManager.java:492)
	at org.apache.cxf.ws.rm.RMCaptureOutInterceptor.handle(RMCaptureOutInterceptor.java:164)
	at org.apache.cxf.ws.rm.AbstractRMInterceptor.handleMessage(AbstractRMInterceptor.java:83)
	... 82 more
Caused by: org.apache.cxf.interceptor.Fault: Could not send Message.
	at org.apache.cxf.interceptor.MessageSenderInterceptor$MessageSenderEndingInterceptor.handleMessage(MessageSenderInterceptor.java:67)
	at org.apache.cxf.phase.PhaseInterceptorChain.doIntercept(PhaseInterceptorChain.java:307)
	at org.apache.cxf.endpoint.ClientImpl.doInvoke(ClientImpl.java:528)
	at org.apache.cxf.endpoint.ClientImpl.invoke(ClientImpl.java:439)
	at org.apache.cxf.ws.rm.Proxy.invoke(Proxy.java:344)
	... 87 more
Caused by: java.net.http.HttpConnectTimeoutException: HttpConnectTimeoutException invoking https://nowhere.com:8080/mustgetoverridden: HTTP connect timed out
	at java.base/jdk.internal.reflect.NativeConstructorAccessorImpl.newInstance0(Native Method)
	at java.base/jdk.internal.reflect.NativeConstructorAccessorImpl.newInstance(NativeConstructorAccessorImpl.java:77)
	at java.base/jdk.internal.reflect.DelegatingConstructorAccessorImpl.newInstance(DelegatingConstructorAccessorImpl.java:45)
	at java.base/java.lang.reflect.Constructor.newInstanceWithCaller(Constructor.java:499)
	at java.base/java.lang.reflect.Constructor.newInstance(Constructor.java:480)
	at org.apache.cxf.transport.http.HTTPConduit$WrappedOutputStream.mapException(HTTPConduit.java:1430)
	at org.apache.cxf.transport.http.HTTPConduit$WrappedOutputStream.close(HTTPConduit.java:1411)
	at org.apache.cxf.transport.AbstractConduit.close(AbstractConduit.java:56)
	at org.apache.cxf.transport.http.HTTPConduit.close(HTTPConduit.java:695)
	at org.apache.cxf.interceptor.MessageSenderInterceptor$MessageSenderEndingInterceptor.handleMessage(MessageSenderInterceptor.java:63)
	... 91 more
Caused by: java.net.http.HttpConnectTimeoutException: HTTP connect timed out
	at java.net.http/jdk.internal.net.http.MultiExchange.toTimeoutException(MultiExchange.java:580)
	at java.net.http/jdk.internal.net.http.MultiExchange.getExceptionalCF(MultiExchange.java:527)
	at java.net.http/jdk.internal.net.http.MultiExchange.lambda$responseAsyncImpl$7(MultiExchange.java:447)
	at java.base/java.util.concurrent.CompletableFuture.uniHandle(CompletableFuture.java:934)
	at java.base/java.util.concurrent.CompletableFuture$UniHandle.tryFire(CompletableFuture.java:911)
	at java.base/java.util.concurrent.CompletableFuture.postComplete(CompletableFuture.java:510)
	at java.base/java.util.concurrent.CompletableFuture.completeExceptionally(CompletableFuture.java:2162)
	at java.net.http/jdk.internal.net.http.Exchange.checkCancelled(Exchange.java:287)
	at java.net.http/jdk.internal.net.http.Exchange.cancel(Exchange.java:250)
	at java.net.http/jdk.internal.net.http.MultiExchange.cancel(MultiExchange.java:260)
	at java.net.http/jdk.internal.net.http.PlainHttpConnection$ConnectTimerEvent.handle(PlainHttpConnection.java:102)
	at java.net.http/jdk.internal.net.http.HttpClientImpl.purgeTimeoutsAndReturnNextDeadline(HttpClientImpl.java:1270)
	at java.net.http/jdk.internal.net.http.HttpClientImpl$SelectorManager.run(HttpClientImpl.java:899)
Caused by: java.net.ConnectException: HTTP connect timed out
	at java.net.http/jdk.internal.net.http.MultiExchange.toTimeoutException(MultiExchange.java:581)
	... 12 more
&amp#27;[39m&amp#27;[38;5;227m
&amp#27;[39m]]></system-out>
    <system-err><![CDATA[@QuarkusTest has detected a hang, as there has been no test activity in PT30S
To configure this timeout use the quarkus.test.hang-detection-timeout config property
A stack trace is below to help diagnose the potential hang
=== Stack Trace ===
Thread main: TIMED_WAITING
  Stack:
    java.base@17.0.8/jdk.internal.misc.Unsafe.park(Native Method)
    java.base@17.0.8/java.util.concurrent.locks.LockSupport.parkNanos(LockSupport.java:252)
    java.base@17.0.8/java.util.concurrent.CompletableFuture$Signaller.block(CompletableFuture.java:1866)
    java.base@17.0.8/java.util.concurrent.ForkJoinPool.unmanagedBlock(ForkJoinPool.java:3465)
    java.base@17.0.8/java.util.concurrent.ForkJoinPool.managedBlock(ForkJoinPool.java:3436)
    java.base@17.0.8/java.util.concurrent.CompletableFuture.timedGet(CompletableFuture.java:1939)
    java.base@17.0.8/java.util.concurrent.CompletableFuture.get(CompletableFuture.java:2095)
    org.apache.cxf.transport.http.HttpClientHTTPConduit$HttpClientWrappedOutputStream.getResponse(HttpClientHTTPConduit.java:440)
    org.apache.cxf.transport.http.HttpClientHTTPConduit$HttpClientWrappedOutputStream.getResponseCode(HttpClientHTTPConduit.java:469)
    org.apache.cxf.transport.http.HTTPConduit$WrappedOutputStream.doProcessResponseCode(HTTPConduit.java:1631)
    org.apache.cxf.transport.http.HTTPConduit$WrappedOutputStream.handleResponseInternal(HTTPConduit.java:1662)
    org.apache.cxf.transport.http.HTTPConduit$WrappedOutputStream.handleResponse(HTTPConduit.java:1604)
    org.apache.cxf.transport.http.HTTPConduit$WrappedOutputStream.close(HTTPConduit.java:1398)
    org.apache.cxf.transport.AbstractConduit.close(AbstractConduit.java:56)
    org.apache.cxf.transport.http.HTTPConduit.close(HTTPConduit.java:695)
    org.apache.cxf.interceptor.MessageSenderInterceptor$MessageSenderEndingInterceptor.handleMessage(MessageSenderInterceptor.java:63)
    org.apache.cxf.phase.PhaseInterceptorChain.doIntercept(PhaseInterceptorChain.java:307)
    org.apache.cxf.endpoint.ClientImpl.doInvoke(ClientImpl.java:528)
    org.apache.cxf.endpoint.ClientImpl.invoke(ClientImpl.java:439)
    org.apache.cxf.ws.rm.Proxy.invoke(Proxy.java:344)
    org.apache.cxf.ws.rm.Proxy.invoke(Proxy.java:307)
    org.apache.cxf.ws.rm.Proxy.createSequence(Proxy.java:208)
    org.apache.cxf.ws.rm.RMManager.getSequence(RMManager.java:492)
    org.apache.cxf.ws.rm.RMCaptureOutInterceptor.handle(RMCaptureOutInterceptor.java:164)
    org.apache.cxf.ws.rm.AbstractRMInterceptor.handleMessage(AbstractRMInterceptor.java:83)
    org.apache.cxf.phase.PhaseInterceptorChain.doIntercept(PhaseInterceptorChain.java:307)
    org.apache.cxf.endpoint.ClientImpl.doInvoke(ClientImpl.java:528)
    org.apache.cxf.endpoint.ClientImpl.invoke(ClientImpl.java:439)
    org.apache.cxf.endpoint.ClientImpl.invoke(ClientImpl.java:354)
    org.apache.cxf.endpoint.ClientImpl.invoke(ClientImpl.java:312)
    org.apache.cxf.frontend.ClientProxy.invokeSync(ClientProxy.java:96)
    org.apache.cxf.jaxws.JaxWsClientProxy.invoke(JaxWsClientProxy.java:140)
    jdk.proxy6/jdk.proxy6.$Proxy193.addContact(Unknown Source)
    de.jochenr.integration.contact.ContactTest.testAddContactBackendSoap(ContactTest.java:138)
    java.base@17.0.8/jdk.internal.reflect.NativeMethodAccessorImpl.invoke0(Native Method)
    java.base@17.0.8/jdk.internal.reflect.NativeMethodAccessorImpl.invoke(NativeMethodAccessorImpl.java:77)
    java.base@17.0.8/jdk.internal.reflect.DelegatingMethodAccessorImpl.invoke(DelegatingMethodAccessorImpl.java:43)
    java.base@17.0.8/java.lang.reflect.Method.invoke(Method.java:568)
    app//io.quarkus.test.junit.QuarkusTestExtension.runExtensionMethod(QuarkusTestExtension.java:1015)
    app//io.quarkus.test.junit.QuarkusTestExtension.interceptTestMethod(QuarkusTestExtension.java:829)
[...]
    app//org.junit.platform.launcher.core.EngineExecutionOrchestrator.execute(EngineExecutionOrchestrator.java:90)
    app//org.junit.platform.launcher.core.EngineExecutionOrchestrator.lambda$execute$0(EngineExecutionOrchestrator.java:55)
    app//org.junit.platform.launcher.core.EngineExecutionOrchestrator$$Lambda$263/0x00000145010a23f0.accept(Unknown Source)
    app//org.junit.platform.launcher.core.EngineExecutionOrchestrator.withInterceptedStreams(EngineExecutionOrchestrator.java:102)
    app//org.junit.platform.launcher.core.EngineExecutionOrchestrator.execute(EngineExecutionOrchestrator.java:54)
    app//org.junit.platform.launcher.core.DefaultLauncher.execute(DefaultLauncher.java:114)
    app//org.junit.platform.launcher.core.DefaultLauncher.execute(DefaultLauncher.java:86)
    app//org.junit.platform.launcher.core.DefaultLauncherSession$DelegatingLauncher.execute(DefaultLauncherSession.java:86)
    app//org.apache.maven.surefire.junitplatform.LazyLauncher.execute(LazyLauncher.java:56)
    app//org.apache.maven.surefire.junitplatform.JUnitPlatformProvider.execute(JUnitPlatformProvider.java:184)
    app//org.apache.maven.surefire.junitplatform.JUnitPlatformProvider.invokeAllTests(JUnitPlatformProvider.java:148)
    app//org.apache.maven.surefire.junitplatform.JUnitPlatformProvider.invoke(JUnitPlatformProvider.java:122)
    app//org.apache.maven.surefire.booter.ForkedBooter.runSuitesInProcess(ForkedBooter.java:385)
    app//org.apache.maven.surefire.booter.ForkedBooter.execute(ForkedBooter.java:162)
    app//org.apache.maven.surefire.booter.ForkedBooter.run(ForkedBooter.java:507)
    app//org.apache.maven.surefire.booter.ForkedBooter.main(ForkedBooter.java:495)
Thread Reference Handler: RUNNABLE
  Stack:
    java.base@17.0.8/java.lang.ref.Reference.waitForReferencePendingList(Native Method)
    java.base@17.0.8/java.lang.ref.Reference.processPendingReferences(Reference.java:253)
    java.base@17.0.8/java.lang.ref.Reference$ReferenceHandler.run(Reference.java:215)
Thread Finalizer: WAITING
  Waiting on java.lang.ref.ReferenceQueue$Lock@1a037481
  Stack:
    java.base@17.0.8/java.lang.Object.wait(Native Method)
    java.base@17.0.8/java.lang.ref.ReferenceQueue.remove(ReferenceQueue.java:155)
    java.base@17.0.8/java.lang.ref.ReferenceQueue.remove(ReferenceQueue.java:176)
    java.base@17.0.8/java.lang.ref.Finalizer$FinalizerThread.run(Finalizer.java:172)
Thread Signal Dispatcher: RUNNABLE
  Stack:
Thread Attach Listener: RUNNABLE
  Stack:
Thread Notification Thread: RUNNABLE
  Stack:
Thread Common-Cleaner: TIMED_WAITING
  Stack:
    java.base@17.0.8/java.lang.Object.wait(Native Method)
    java.base@17.0.8/java.lang.ref.ReferenceQueue.remove(ReferenceQueue.java:155)
    java.base@17.0.8/jdk.internal.ref.CleanerImpl.run(CleanerImpl.java:140)
    java.base@17.0.8/java.lang.Thread.run(Thread.java:833)
    java.base@17.0.8/jdk.internal.misc.InnocuousThread.run(InnocuousThread.java:162)
Thread surefire-forkedjvm-stream-flusher: TIMED_WAITING
  Stack:
    java.base@17.0.8/jdk.internal.misc.Unsafe.park(Native Method)
    java.base@17.0.8/java.util.concurrent.locks.LockSupport.parkNanos(LockSupport.java:252)
    java.base@17.0.8/java.util.concurrent.locks.AbstractQueuedSynchronizer$ConditionObject.awaitNanos(AbstractQueuedSynchronizer.java:1672)
    java.base@17.0.8/java.util.concurrent.ScheduledThreadPoolExecutor$DelayedWorkQueue.take(ScheduledThreadPoolExecutor.java:1182)
    java.base@17.0.8/java.util.concurrent.ScheduledThreadPoolExecutor$DelayedWorkQueue.take(ScheduledThreadPoolExecutor.java:899)
    java.base@17.0.8/java.util.concurrent.ThreadPoolExecutor.getTask(ThreadPoolExecutor.java:1062)
    java.base@17.0.8/java.util.concurrent.ThreadPoolExecutor.runWorker(ThreadPoolExecutor.java:1122)
    java.base@17.0.8/java.util.concurrent.ThreadPoolExecutor$Worker.run(ThreadPoolExecutor.java:635)
    java.base@17.0.8/java.lang.Thread.run(Thread.java:833)
Thread surefire-forkedjvm-command-thread: RUNNABLE
  Stack:
    java.base@17.0.8/java.io.FileInputStream.readBytes(Native Method)
    java.base@17.0.8/java.io.FileInputStream.read(FileInputStream.java:276)
    java.base@17.0.8/java.io.BufferedInputStream.read1(BufferedInputStream.java:282)
    java.base@17.0.8/java.io.BufferedInputStream.read(BufferedInputStream.java:343)
    java.base@17.0.8/java.io.BufferedInputStream.fill(BufferedInputStream.java:244)
    java.base@17.0.8/java.io.BufferedInputStream.read1(BufferedInputStream.java:284)
    java.base@17.0.8/java.io.BufferedInputStream.read(BufferedInputStream.java:343)
    app//org.apache.maven.surefire.api.util.internal.Channels$3.readImpl(Channels.java:169)
    app//org.apache.maven.surefire.api.util.internal.AbstractNoninterruptibleReadableChannel.read(AbstractNoninterruptibleReadableChannel.java:50)
    app//org.apache.maven.surefire.api.stream.AbstractStreamDecoder.read(AbstractStreamDecoder.java:430)
    app//org.apache.maven.surefire.api.stream.AbstractStreamDecoder.read(AbstractStreamDecoder.java:419)
    app//org.apache.maven.surefire.api.stream.AbstractStreamDecoder.readMessageType(AbstractStreamDecoder.java:116)
    app//org.apache.maven.surefire.booter.stream.CommandDecoder.decode(CommandDecoder.java:77)
    app//org.apache.maven.surefire.booter.spi.CommandChannelDecoder.decode(CommandChannelDecoder.java:60)
    app//org.apache.maven.surefire.booter.CommandReader$CommandRunnable.run(CommandReader.java:290)
    java.base@17.0.8/java.lang.Thread.run(Thread.java:833)
Thread ForkJoinPool.commonPool-worker-1: WAITING
  Waiting on java.util.concurrent.ForkJoinPool@2002ac4
  Stack:
    java.base@17.0.8/jdk.internal.misc.Unsafe.park(Native Method)
    java.base@17.0.8/java.util.concurrent.locks.LockSupport.park(LockSupport.java:341)
    java.base@17.0.8/java.util.concurrent.ForkJoinPool.awaitWork(ForkJoinPool.java:1724)
    java.base@17.0.8/java.util.concurrent.ForkJoinPool.runWorker(ForkJoinPool.java:1623)
    java.base@17.0.8/java.util.concurrent.ForkJoinWorkerThread.run(ForkJoinWorkerThread.java:165)
Thread Quarkus hang detection timer thread: RUNNABLE
  Stack:
    java.management@17.0.8/sun.management.ThreadImpl.dumpThreads0(Native Method)
    java.management@17.0.8/sun.management.ThreadImpl.dumpAllThreads(ThreadImpl.java:521)
    java.management@17.0.8/sun.management.ThreadImpl.dumpAllThreads(ThreadImpl.java:509)
    app//io.quarkus.test.junit.QuarkusTestExtension$1.run(QuarkusTestExtension.java:153)
    java.base@17.0.8/java.util.concurrent.Executors$RunnableAdapter.call(Executors.java:539)
    java.base@17.0.8/java.util.concurrent.FutureTask.run(FutureTask.java:264)
    java.base@17.0.8/java.util.concurrent.ScheduledThreadPoolExecutor$ScheduledFutureTask.run(ScheduledThreadPoolExecutor.java:304)
    java.base@17.0.8/java.util.concurrent.ThreadPoolExecutor.runWorker(ThreadPoolExecutor.java:1136)
    java.base@17.0.8/java.util.concurrent.ThreadPoolExecutor$Worker.run(ThreadPoolExecutor.java:635)
    java.base@17.0.8/java.lang.Thread.run(Thread.java:833)
Thread ForkJoinPool.commonPool-worker-2: TIMED_WAITING
  Stack:
    java.base@17.0.8/jdk.internal.misc.Unsafe.park(Native Method)
    java.base@17.0.8/java.util.concurrent.locks.LockSupport.parkUntil(LockSupport.java:410)
    java.base@17.0.8/java.util.concurrent.ForkJoinPool.awaitWork(ForkJoinPool.java:1726)
    java.base@17.0.8/java.util.concurrent.ForkJoinPool.runWorker(ForkJoinPool.java:1623)
    java.base@17.0.8/java.util.concurrent.ForkJoinWorkerThread.run(ForkJoinWorkerThread.java:165)
Thread ForkJoinPool.commonPool-worker-3: WAITING
  Waiting on java.util.concurrent.ForkJoinPool@2002ac4
  Stack:
    java.base@17.0.8/jdk.internal.misc.Unsafe.park(Native Method)
    java.base@17.0.8/java.util.concurrent.locks.LockSupport.park(LockSupport.java:341)
    java.base@17.0.8/java.util.concurrent.ForkJoinPool.awaitWork(ForkJoinPool.java:1724)
    java.base@17.0.8/java.util.concurrent.ForkJoinPool.runWorker(ForkJoinPool.java:1623)
    java.base@17.0.8/java.util.concurrent.ForkJoinWorkerThread.run(ForkJoinWorkerThread.java:165)
Thread ForkJoinPool.commonPool-worker-4: WAITING
  Waiting on java.util.concurrent.ForkJoinPool@2002ac4
  Stack:
    java.base@17.0.8/jdk.internal.misc.Unsafe.park(Native Method)
    java.base@17.0.8/java.util.concurrent.locks.LockSupport.park(LockSupport.java:341)
    java.base@17.0.8/java.util.concurrent.ForkJoinPool.awaitWork(ForkJoinPool.java:1724)
    java.base@17.0.8/java.util.concurrent.ForkJoinPool.runWorker(ForkJoinPool.java:1623)
    java.base@17.0.8/java.util.concurrent.ForkJoinWorkerThread.run(ForkJoinWorkerThread.java:165)
Thread ForkJoinPool.commonPool-worker-5: WAITING
  Waiting on java.util.concurrent.ForkJoinPool@2002ac4
  Stack:
    java.base@17.0.8/jdk.internal.misc.Unsafe.park(Native Method)
    java.base@17.0.8/java.util.concurrent.locks.LockSupport.park(LockSupport.java:341)
    java.base@17.0.8/java.util.concurrent.ForkJoinPool.awaitWork(ForkJoinPool.java:1724)
    java.base@17.0.8/java.util.concurrent.ForkJoinPool.runWorker(ForkJoinPool.java:1623)
    java.base@17.0.8/java.util.concurrent.ForkJoinWorkerThread.run(ForkJoinWorkerThread.java:165)
Thread ForkJoinPool.commonPool-worker-6: WAITING
  Waiting on java.util.concurrent.ForkJoinPool@2002ac4
  Stack:
    java.base@17.0.8/jdk.internal.misc.Unsafe.park(Native Method)
    java.base@17.0.8/java.util.concurrent.locks.LockSupport.park(LockSupport.java:341)
    java.base@17.0.8/java.util.concurrent.ForkJoinPool.awaitWork(ForkJoinPool.java:1724)
    java.base@17.0.8/java.util.concurrent.ForkJoinPool.runWorker(ForkJoinPool.java:1623)
    java.base@17.0.8/java.util.concurrent.ForkJoinWorkerThread.run(ForkJoinWorkerThread.java:165)
Thread ForkJoinPool.commonPool-worker-7: WAITING
  Waiting on java.util.concurrent.ForkJoinPool@2002ac4
  Stack:
    java.base@17.0.8/jdk.internal.misc.Unsafe.park(Native Method)
    java.base@17.0.8/java.util.concurrent.locks.LockSupport.park(LockSupport.java:341)
    java.base@17.0.8/java.util.concurrent.ForkJoinPool.awaitWork(ForkJoinPool.java:1724)
    java.base@17.0.8/java.util.concurrent.ForkJoinPool.runWorker(ForkJoinPool.java:1623)
    java.base@17.0.8/java.util.concurrent.ForkJoinWorkerThread.run(ForkJoinWorkerThread.java:165)
Thread ForkJoinPool.commonPool-worker-8: WAITING
  Waiting on java.util.concurrent.ForkJoinPool@2002ac4
  Stack:
    java.base@17.0.8/jdk.internal.misc.Unsafe.park(Native Method)
    java.base@17.0.8/java.util.concurrent.locks.LockSupport.park(LockSupport.java:341)
    java.base@17.0.8/java.util.concurrent.ForkJoinPool.awaitWork(ForkJoinPool.java:1724)
    java.base@17.0.8/java.util.concurrent.ForkJoinPool.runWorker(ForkJoinPool.java:1623)
    java.base@17.0.8/java.util.concurrent.ForkJoinWorkerThread.run(ForkJoinWorkerThread.java:165)
Thread ForkJoinPool.commonPool-worker-9: WAITING
  Waiting on java.util.concurrent.ForkJoinPool@2002ac4
  Stack:
    java.base@17.0.8/jdk.internal.misc.Unsafe.park(Native Method)
    java.base@17.0.8/java.util.concurrent.locks.LockSupport.park(LockSupport.java:341)
    java.base@17.0.8/java.util.concurrent.ForkJoinPool.awaitWork(ForkJoinPool.java:1724)
    java.base@17.0.8/java.util.concurrent.ForkJoinPool.runWorker(ForkJoinPool.java:1623)
    java.base@17.0.8/java.util.concurrent.ForkJoinWorkerThread.run(ForkJoinWorkerThread.java:165)
Thread ForkJoinPool.commonPool-worker-10: WAITING
  Waiting on java.util.concurrent.ForkJoinPool@2002ac4
  Stack:
    java.base@17.0.8/jdk.internal.misc.Unsafe.park(Native Method)
    java.base@17.0.8/java.util.concurrent.locks.LockSupport.park(LockSupport.java:341)
    java.base@17.0.8/java.util.concurrent.ForkJoinPool.awaitWork(ForkJoinPool.java:1724)
    java.base@17.0.8/java.util.concurrent.ForkJoinPool.runWorker(ForkJoinPool.java:1623)
    java.base@17.0.8/java.util.concurrent.ForkJoinWorkerThread.run(ForkJoinWorkerThread.java:165)
Thread ForkJoinPool.commonPool-worker-11: WAITING
  Waiting on java.util.concurrent.ForkJoinPool@2002ac4
  Stack:
    java.base@17.0.8/jdk.internal.misc.Unsafe.park(Native Method)
    java.base@17.0.8/java.util.concurrent.locks.LockSupport.park(LockSupport.java:341)
    java.base@17.0.8/java.util.concurrent.ForkJoinPool.awaitWork(ForkJoinPool.java:1724)
    java.base@17.0.8/java.util.concurrent.ForkJoinPool.runWorker(ForkJoinPool.java:1623)
    java.base@17.0.8/java.util.concurrent.ForkJoinWorkerThread.run(ForkJoinWorkerThread.java:165)
Thread executor-thread-1: WAITING
  Waiting on org.jboss.threads.EnhancedQueueExecutor@d4eed16
  Stack:
    java.base@17.0.8/jdk.internal.misc.Unsafe.park(Native Method)
    java.base@17.0.8/java.util.concurrent.locks.LockSupport.park(LockSupport.java:211)
    org.jboss.threads.EnhancedQueueExecutor$PoolThreadNode.park(EnhancedQueueExecutor.java:2276)
    org.jboss.threads.EnhancedQueueExecutor$ThreadBody.run(EnhancedQueueExecutor.java:1570)
    org.jboss.threads.DelegatingRunnable.run(DelegatingRunnable.java:29)
    org.jboss.threads.ThreadLocalResettingRunnable.run(ThreadLocalResettingRunnable.java:29)
    io.netty.util.concurrent.FastThreadLocalRunnable.run(FastThreadLocalRunnable.java:30)
    java.base@17.0.8/java.lang.Thread.run(Thread.java:833)
Thread vertx-blocked-thread-checker: TIMED_WAITING
  Stack:
    java.base@17.0.8/java.lang.Object.wait(Native Method)
    java.base@17.0.8/java.util.TimerThread.mainLoop(Timer.java:563)
    java.base@17.0.8/java.util.TimerThread.run(Timer.java:516)
Thread camel-main: WAITING
  Waiting on java.util.concurrent.CountDownLatch$Sync@3a371707
  Stack:
    java.base@17.0.8/jdk.internal.misc.Unsafe.park(Native Method)
    java.base@17.0.8/java.util.concurrent.locks.LockSupport.park(LockSupport.java:211)
    java.base@17.0.8/java.util.concurrent.locks.AbstractQueuedSynchronizer.acquire(AbstractQueuedSynchronizer.java:715)
    java.base@17.0.8/java.util.concurrent.locks.AbstractQueuedSynchronizer.acquireSharedInterruptibly(AbstractQueuedSynchronizer.java:1047)
    java.base@17.0.8/java.util.concurrent.CountDownLatch.await(CountDownLatch.java:230)
    org.apache.camel.main.SimpleMainShutdownStrategy.await(SimpleMainShutdownStrategy.java:79)
    org.apache.camel.main.MainSupport.waitUntilCompleted(MainSupport.java:313)
    org.apache.camel.quarkus.main.CamelMain.runEngine(CamelMain.java:151)
    org.apache.camel.quarkus.main.CamelMainRuntime.lambda$start$0(CamelMainRuntime.java:53)
    org.apache.camel.quarkus.main.CamelMainRuntime$$Lambda$1865/0x0000014501afa320.run(Unknown Source)
    java.base@17.0.8/java.lang.Thread.run(Thread.java:833)
Thread vert.x-eventloop-thread-0: RUNNABLE
  Stack:
    java.base@17.0.8/sun.nio.ch.WEPoll.wait(Native Method)
    java.base@17.0.8/sun.nio.ch.WEPollSelectorImpl.doSelect(WEPollSelectorImpl.java:111)
    java.base@17.0.8/sun.nio.ch.SelectorImpl.lockAndDoSelect(SelectorImpl.java:129)
    java.base@17.0.8/sun.nio.ch.SelectorImpl.select(SelectorImpl.java:146)
    io.netty.channel.nio.SelectedSelectionKeySetSelector.select(SelectedSelectionKeySetSelector.java:68)
    io.netty.channel.nio.NioEventLoop.select(NioEventLoop.java:879)
    io.netty.channel.nio.NioEventLoop.run(NioEventLoop.java:526)
    io.netty.util.concurrent.SingleThreadEventExecutor$4.run(SingleThreadEventExecutor.java:997)
    io.netty.util.internal.ThreadExecutorMap$2.run(ThreadExecutorMap.java:74)
    io.netty.util.concurrent.FastThreadLocalRunnable.run(FastThreadLocalRunnable.java:30)
    java.base@17.0.8/java.lang.Thread.run(Thread.java:833)
Thread vert.x-eventloop-thread-1: RUNNABLE
  Stack:
    java.base@17.0.8/sun.nio.ch.WEPoll.wait(Native Method)
    java.base@17.0.8/sun.nio.ch.WEPollSelectorImpl.doSelect(WEPollSelectorImpl.java:111)
    java.base@17.0.8/sun.nio.ch.SelectorImpl.lockAndDoSelect(SelectorImpl.java:129)
    java.base@17.0.8/sun.nio.ch.SelectorImpl.select(SelectorImpl.java:141)
    io.netty.channel.nio.SelectedSelectionKeySetSelector.select(SelectedSelectionKeySetSelector.java:62)
    io.netty.channel.nio.NioEventLoop.select(NioEventLoop.java:883)
    io.netty.channel.nio.NioEventLoop.run(NioEventLoop.java:526)
    io.netty.util.concurrent.SingleThreadEventExecutor$4.run(SingleThreadEventExecutor.java:997)
    io.netty.util.internal.ThreadExecutorMap$2.run(ThreadExecutorMap.java:74)
    io.netty.util.concurrent.FastThreadLocalRunnable.run(FastThreadLocalRunnable.java:30)
    java.base@17.0.8/java.lang.Thread.run(Thread.java:833)
Thread vert.x-acceptor-thread-0: RUNNABLE
  Stack:
    java.base@17.0.8/sun.nio.ch.WEPoll.wait(Native Method)
    java.base@17.0.8/sun.nio.ch.WEPollSelectorImpl.doSelect(WEPollSelectorImpl.java:111)
    java.base@17.0.8/sun.nio.ch.SelectorImpl.lockAndDoSelect(SelectorImpl.java:129)
    java.base@17.0.8/sun.nio.ch.SelectorImpl.select(SelectorImpl.java:146)
    io.netty.channel.nio.SelectedSelectionKeySetSelector.select(SelectedSelectionKeySetSelector.java:68)
    io.netty.channel.nio.NioEventLoop.select(NioEventLoop.java:879)
    io.netty.channel.nio.NioEventLoop.run(NioEventLoop.java:526)
    io.netty.util.concurrent.SingleThreadEventExecutor$4.run(SingleThreadEventExecutor.java:997)
    io.netty.util.internal.ThreadExecutorMap$2.run(ThreadExecutorMap.java:74)
    io.netty.util.concurrent.FastThreadLocalRunnable.run(FastThreadLocalRunnable.java:30)
    java.base@17.0.8/java.lang.Thread.run(Thread.java:833)
Thread vert.x-eventloop-thread-2: RUNNABLE
  Stack:
    java.base@17.0.8/sun.nio.ch.WEPoll.wait(Native Method)
    java.base@17.0.8/sun.nio.ch.WEPollSelectorImpl.doSelect(WEPollSelectorImpl.java:111)
    java.base@17.0.8/sun.nio.ch.SelectorImpl.lockAndDoSelect(SelectorImpl.java:129)
    java.base@17.0.8/sun.nio.ch.SelectorImpl.select(SelectorImpl.java:146)
    io.netty.channel.nio.SelectedSelectionKeySetSelector.select(SelectedSelectionKeySetSelector.java:68)
    io.netty.channel.nio.NioEventLoop.select(NioEventLoop.java:879)
    io.netty.channel.nio.NioEventLoop.run(NioEventLoop.java:526)
    io.netty.util.concurrent.SingleThreadEventExecutor$4.run(SingleThreadEventExecutor.java:997)
    io.netty.util.internal.ThreadExecutorMap$2.run(ThreadExecutorMap.java:74)
    io.netty.util.concurrent.FastThreadLocalRunnable.run(FastThreadLocalRunnable.java:30)
    java.base@17.0.8/java.lang.Thread.run(Thread.java:833)
Thread HttpClient-1-SelectorManager: RUNNABLE
  Stack:
    java.base@17.0.8/sun.nio.ch.WEPoll.wait(Native Method)
    java.base@17.0.8/sun.nio.ch.WEPollSelectorImpl.doSelect(WEPollSelectorImpl.java:111)
    java.base@17.0.8/sun.nio.ch.SelectorImpl.lockAndDoSelect(SelectorImpl.java:129)
    java.base@17.0.8/sun.nio.ch.SelectorImpl.select(SelectorImpl.java:141)
    platform/java.net.http@17.0.8/jdk.internal.net.http.HttpClientImpl$SelectorManager.run(HttpClientImpl.java:889)
Thread HttpClient-2-SelectorManager: RUNNABLE
  Stack:
    java.base@17.0.8/sun.nio.ch.WEPoll.wait(Native Method)
    java.base@17.0.8/sun.nio.ch.WEPollSelectorImpl.doSelect(WEPollSelectorImpl.java:111)
    java.base@17.0.8/sun.nio.ch.SelectorImpl.lockAndDoSelect(SelectorImpl.java:129)
    java.base@17.0.8/sun.nio.ch.SelectorImpl.select(SelectorImpl.java:141)
    platform/java.net.http@17.0.8/jdk.internal.net.http.HttpClientImpl$SelectorManager.run(HttpClientImpl.java:889)
Thread HttpClient-2-Worker-0: TIMED_WAITING
  Stack:
    java.base@17.0.8/jdk.internal.misc.Unsafe.park(Native Method)
    java.base@17.0.8/java.util.concurrent.locks.LockSupport.parkNanos(LockSupport.java:252)
    java.base@17.0.8/java.util.concurrent.SynchronousQueue$TransferStack.transfer(SynchronousQueue.java:401)
    java.base@17.0.8/java.util.concurrent.SynchronousQueue.poll(SynchronousQueue.java:903)
    java.base@17.0.8/java.util.concurrent.ThreadPoolExecutor.getTask(ThreadPoolExecutor.java:1061)
    java.base@17.0.8/java.util.concurrent.ThreadPoolExecutor.runWorker(ThreadPoolExecutor.java:1122)
    java.base@17.0.8/java.util.concurrent.ThreadPoolExecutor$Worker.run(ThreadPoolExecutor.java:635)
    java.base@17.0.8/java.lang.Thread.run(Thread.java:833)
=== End Stack Trace ===
]]></system-err>
  </testcase>
</testsuite>